[2021-03-11 16:31:34.105] [info] Checking for update
[2021-03-11 16:31:34.169] [info] Error reading /home/laurie/.config/Notion/cookies.json Error: /home/laurie/.config/Notion/cookies.json: ENOENT: no such file or directory, open '/home/laurie/.config/Notion/cookies.json'
    at Object.openSync (fs.js:440:3)
    at Object.func (electron/js2c/asar.js:140:31)
    at Object.func [as openSync] (electron/js2c/asar.js:140:31)
    at Object.readFileSync (fs.js:342:35)
    at Object.fs.readFileSync (electron/js2c/asar.js:542:40)
    at Object.fs.readFileSync (electron/js2c/asar.js:542:40)
    at Object.readFileSync (/usr/share/lotion/Lotion/resources/app.asar/node_modules/jsonfile/index.js:61:22)
    at JsonStore.loadSync (/usr/share/lotion/Lotion/resources/app.asar/main/JsonStore.js:34:28)
    at new JsonStore (/usr/share/lotion/Lotion/resources/app.asar/main/JsonStore.js:11:14)
    at Object.<anonymous> (/usr/share/lotion/Lotion/resources/app.asar/main/CookieStore.js:5:25)
[2021-03-11 16:31:34.246] [info] Error reading /home/laurie/.config/Notion/assets.json Error: ENOENT: no such file or directory, open '/home/laurie/.config/Notion/assets.json'
[2021-03-11 16:31:34.246] [error] Error: Error: ENOENT: no such file or directory, open '/usr/share/lotion/Lotion/resources/app-update.yml'
[2021-03-11 16:31:34.248] [info] {
  level: 'error',
  from: 'autoUpdater',
  type: 'unknownAutoUpdaterError',
  error: [Error: ENOENT: no such file or directory, open '/usr/share/lotion/Lotion/resources/app-update.yml'] {
    errno: -2,
    code: 'ENOENT',
    syscall: 'open',
    path: '/usr/share/lotion/Lotion/resources/app-update.yml'
  }
}
[2021-03-11 16:31:34.259] [info] Error reading /home/laurie/.config/Notion/headers.json Error: ENOENT: no such file or directory, open '/home/laurie/.config/Notion/headers.json'
[2021-03-11 16:31:34.259] [info] {
  level: 'info',
  from: 'assetCache',
  type: 'loadJson',
  data: { time: 46 }
}
[2021-03-11 16:31:34.260] [info] Error reading /home/laurie/.config/Notion/assets.json Error: ENOENT: no such file or directory, open '/home/laurie/.config/Notion/assets.json'
[2021-03-11 16:31:34.261] [info] Error reading /home/laurie/.config/Notion/headers.json Error: ENOENT: no such file or directory, open '/home/laurie/.config/Notion/headers.json'
[2021-03-11 16:31:34.261] [info] {
  level: 'info',
  from: 'assetCache',
  type: 'verifyCache',
  data: { time: 1 }
}
[2021-03-11 16:31:34.261] [info] {
  level: 'info',
  from: 'assetCache',
  type: 'assetCacheInitialize',
  data: { time: 48 }
}
[2021-03-11 16:31:44.162] [info] Checking for app update
[2021-03-11 16:31:44.632] [info] {
  level: 'info',
  from: 'assetCache',
  type: 'updateAssetsFetch',
  data: { time: 470 }
}
[2021-03-11 16:31:45.010] [info] {
  level: 'info',
  from: 'assetCache',
  type: 'updateAssetsResponseParse',
  data: { time: 377 }
}
[2021-03-11 16:31:45.010] [info] App update available 23.7.59.5
[2021-03-11 16:31:45.012] [info] {
  level: 'info',
  from: 'assetCache',
  type: 'assetJson',
  data: { time: 2 }
}
[2021-03-11 16:32:02.058] [info] {
  level: 'info',
  from: 'assetCache',
  type: 'prepare',
  data: { time: 17044 }
}
[2021-03-11 16:32:02.060] [info] App update download complete 23.7.59.5
[2021-03-11 16:32:02.061] [info] Installing app update 23.7.59.5
[2021-03-11 16:32:02.062] [info] {
  level: 'info',
  from: 'assetCache',
  type: 'download',
  data: { time: 2 }
}
[2021-03-11 16:32:02.063] [info] {
  level: 'info',
  from: 'assetCache',
  type: 'checkForUpdatesNow',
  data: { time: 17901 }
}
[2021-03-11 16:33:02.065] [info] Checking for app update
[2021-03-11 16:33:03.160] [info] {
  level: 'info',
  from: 'assetCache',
  type: 'updateAssetsFetch',
  data: { time: 1094 }
}
[2021-03-11 16:33:03.266] [info] {
  level: 'info',
  from: 'assetCache',
  type: 'updateAssetsResponseParse',
  data: { time: 105 }
}
[2021-03-11 16:33:03.267] [info] No app update available
[2021-03-11 16:34:03.267] [info] Checking for app update
[2021-03-11 16:34:03.678] [info] {
  level: 'info',
  from: 'assetCache',
  type: 'updateAssetsFetch',
  data: { time: 411 }
}
[2021-03-11 16:34:03.684] [info] {
  level: 'info',
  from: 'assetCache',
  type: 'updateAssetsResponseParse',
  data: { time: 5 }
}
[2021-03-11 16:34:03.684] [info] No app update available
[2021-03-11 16:35:03.713] [info] Checking for app update
[2021-03-11 16:35:04.094] [info] {
  level: 'info',
  from: 'assetCache',
  type: 'updateAssetsFetch',
  data: { time: 381 }
}
[2021-03-11 16:35:04.109] [info] {
  level: 'info',
  from: 'assetCache',
  type: 'updateAssetsResponseParse',
  data: { time: 14 }
}
[2021-03-11 16:35:04.110] [info] No app update available
[2021-03-11 16:36:04.142] [info] Checking for app update
[2021-03-11 16:36:04.414] [info] {
  level: 'info',
  from: 'assetCache',
  type: 'updateAssetsFetch',
  data: { time: 272 }
}
[2021-03-11 16:36:04.419] [info] {
  level: 'info',
  from: 'assetCache',
  type: 'updateAssetsResponseParse',
  data: { time: 5 }
}
[2021-03-11 16:36:04.419] [info] No app update available
[2021-03-11 16:37:04.447] [info] Checking for app update
[2021-03-11 16:37:04.803] [info] {
  level: 'info',
  from: 'assetCache',
  type: 'updateAssetsFetch',
  data: { time: 355 }
}
[2021-03-11 16:37:04.805] [info] {
  level: 'info',
  from: 'assetCache',
  type: 'updateAssetsResponseParse',
  data: { time: 2 }
}
[2021-03-11 16:37:04.805] [info] No app update available
[2021-03-11 16:38:04.833] [info] Checking for app update
[2021-03-11 16:38:05.342] [info] {
  level: 'info',
  from: 'assetCache',
  type: 'updateAssetsFetch',
  data: { time: 508 }
}
[2021-03-11 16:38:05.348] [info] {
  level: 'info',
  from: 'assetCache',
  type: 'updateAssetsResponseParse',
  data: { time: 5 }
}
[2021-03-11 16:38:05.348] [info] No app update available
[2021-03-11 16:39:05.377] [info] Checking for app update
[2021-03-11 16:39:05.650] [info] {
  level: 'info',
  from: 'assetCache',
  type: 'updateAssetsFetch',
  data: { time: 272 }
}
[2021-03-11 16:39:05.656] [info] {
  level: 'info',
  from: 'assetCache',
  type: 'updateAssetsResponseParse',
  data: { time: 5 }
}
[2021-03-11 16:39:05.656] [info] No app update available
[2021-03-11 16:36:44.805] [info] Checking for update
[2021-03-11 16:36:45.468] [error] Error: Error: ENOENT: no such file or directory, open '/usr/share/lotion/Lotion/resources/app-update.yml'
[2021-03-11 16:36:45.470] [info] {
  level: 'error',
  from: 'autoUpdater',
  type: 'unknownAutoUpdaterError',
  error: [Error: ENOENT: no such file or directory, open '/usr/share/lotion/Lotion/resources/app-update.yml'] {
    errno: -2,
    code: 'ENOENT',
    syscall: 'open',
    path: '/usr/share/lotion/Lotion/resources/app-update.yml'
  }
}
[2021-03-11 16:36:45.752] [info] {
  level: 'info',
  from: 'assetCache',
  type: 'loadJson',
  data: { time: 364 }
}
[2021-03-11 16:36:46.452] [info] {
  level: 'info',
  from: 'assetCache',
  type: 'verifyCache',
  data: { time: 700 }
}
[2021-03-11 16:36:46.452] [info] {
  level: 'info',
  from: 'assetCache',
  type: 'assetCacheInitialize',
  data: { time: 1065 }
}
[2021-03-11 16:36:55.035] [info] Checking for app update
[2021-03-11 16:36:56.244] [info] {
  level: 'info',
  from: 'assetCache',
  type: 'updateAssetsFetch',
  data: { time: 1209 }
}
[2021-03-11 16:36:56.398] [info] {
  level: 'info',
  from: 'assetCache',
  type: 'updateAssetsResponseParse',
  data: { time: 154 }
}
[2021-03-11 16:36:56.399] [info] No app update available
[2021-03-11 16:37:57.257] [info] Checking for app update
[2021-03-11 16:37:57.528] [info] {
  level: 'info',
  from: 'assetCache',
  type: 'updateAssetsFetch',
  data: { time: 269 }
}
[2021-03-11 16:37:57.536] [info] {
  level: 'info',
  from: 'assetCache',
  type: 'updateAssetsResponseParse',
  data: { time: 8 }
}
[2021-03-11 16:37:57.537] [info] No app update available
[2021-03-11 16:38:57.547] [info] Checking for app update
[2021-03-11 16:38:57.794] [info] {
  level: 'info',
  from: 'assetCache',
  type: 'updateAssetsFetch',
  data: { time: 246 }
}
[2021-03-11 16:38:57.952] [info] {
  level: 'info',
  from: 'assetCache',
  type: 'updateAssetsResponseParse',
  data: { time: 157 }
}
[2021-03-11 16:38:57.952] [info] No app update available
[2021-03-11 16:39:57.954] [info] Checking for app update
[2021-03-11 16:39:58.205] [info] {
  level: 'info',
  from: 'assetCache',
  type: 'updateAssetsFetch',
  data: { time: 250 }
}
[2021-03-11 16:39:58.211] [info] {
  level: 'info',
  from: 'assetCache',
  type: 'updateAssetsResponseParse',
  data: { time: 5 }
}
[2021-03-11 16:39:58.211] [info] No app update available
[2021-03-11 16:40:58.212] [info] Checking for app update
[2021-03-11 16:40:58.483] [info] {
  level: 'info',
  from: 'assetCache',
  type: 'updateAssetsFetch',
  data: { time: 269 }
}
[2021-03-11 16:40:58.487] [info] {
  level: 'info',
  from: 'assetCache',
  type: 'updateAssetsResponseParse',
  data: { time: 3 }
}
[2021-03-11 16:40:58.487] [info] No app update available
[2021-03-11 16:41:58.502] [info] Checking for app update
[2021-03-11 16:41:58.814] [info] {
  level: 'info',
  from: 'assetCache',
  type: 'updateAssetsFetch',
  data: { time: 311 }
}
[2021-03-11 16:41:58.819] [info] {
  level: 'info',
  from: 'assetCache',
  type: 'updateAssetsResponseParse',
  data: { time: 5 }
}
[2021-03-11 16:41:58.819] [info] No app update available
[2021-03-11 16:42:58.832] [info] Checking for app update
[2021-03-11 16:42:59.142] [info] {
  level: 'info',
  from: 'assetCache',
  type: 'updateAssetsFetch',
  data: { time: 310 }
}
[2021-03-11 16:42:59.149] [info] {
  level: 'info',
  from: 'assetCache',
  type: 'updateAssetsResponseParse',
  data: { time: 6 }
}
[2021-03-11 16:42:59.149] [info] No app update available
[2021-03-11 16:43:59.174] [info] Checking for app update
[2021-03-11 16:43:59.461] [info] {
  level: 'info',
  from: 'assetCache',
  type: 'updateAssetsFetch',
  data: { time: 286 }
}
[2021-03-11 16:43:59.467] [info] {
  level: 'info',
  from: 'assetCache',
  type: 'updateAssetsResponseParse',
  data: { time: 5 }
}
[2021-03-11 16:43:59.467] [info] No app update available
[2021-03-11 16:44:59.485] [info] Checking for app update
[2021-03-11 16:44:59.732] [info] {
  level: 'info',
  from: 'assetCache',
  type: 'updateAssetsFetch',
  data: { time: 246 }
}
[2021-03-11 16:44:59.742] [info] {
  level: 'info',
  from: 'assetCache',
  type: 'updateAssetsResponseParse',
  data: { time: 9 }
}
[2021-03-11 16:44:59.743] [info] No app update available
[2021-03-11 16:45:59.760] [info] Checking for app update
[2021-03-11 16:46:00.078] [info] {
  level: 'info',
  from: 'assetCache',
  type: 'updateAssetsFetch',
  data: { time: 317 }
}
[2021-03-11 16:46:00.082] [info] {
  level: 'info',
  from: 'assetCache',
  type: 'updateAssetsResponseParse',
  data: { time: 4 }
}
[2021-03-11 16:46:00.082] [info] No app update available
[2021-03-11 16:47:00.097] [info] Checking for app update
[2021-03-11 16:47:00.405] [info] {
  level: 'info',
  from: 'assetCache',
  type: 'updateAssetsFetch',
  data: { time: 307 }
}
[2021-03-11 16:47:00.567] [info] {
  level: 'info',
  from: 'assetCache',
  type: 'updateAssetsResponseParse',
  data: { time: 161 }
}
[2021-03-11 16:47:00.567] [info] No app update available
[2021-03-11 16:48:00.585] [info] Checking for app update
[2021-03-11 16:48:01.035] [info] {
  level: 'info',
  from: 'assetCache',
  type: 'updateAssetsFetch',
  data: { time: 449 }
}
[2021-03-11 16:48:01.041] [info] {
  level: 'info',
  from: 'assetCache',
  type: 'updateAssetsResponseParse',
  data: { time: 5 }
}
[2021-03-11 16:48:01.041] [info] No app update available
[2021-03-11 16:49:01.056] [info] Checking for app update
[2021-03-11 16:49:02.779] [info] {
  level: 'info',
  from: 'assetCache',
  type: 'updateAssetsFetch',
  data: { time: 1722 }
}
[2021-03-11 16:49:02.949] [info] {
  level: 'info',
  from: 'assetCache',
  type: 'updateAssetsResponseParse',
  data: { time: 170 }
}
[2021-03-11 16:49:02.949] [info] No app update available
[2021-03-11 16:50:02.971] [info] Checking for app update
[2021-03-11 16:50:03.550] [info] {
  level: 'info',
  from: 'assetCache',
  type: 'updateAssetsFetch',
  data: { time: 578 }
}
[2021-03-11 16:50:03.561] [info] {
  level: 'info',
  from: 'assetCache',
  type: 'updateAssetsResponseParse',
  data: { time: 10 }
}
[2021-03-11 16:50:03.561] [info] No app update available
[2021-03-11 16:51:03.578] [info] Checking for app update
[2021-03-11 16:51:03.846] [info] {
  level: 'info',
  from: 'assetCache',
  type: 'updateAssetsFetch',
  data: { time: 267 }
}
[2021-03-11 16:51:03.852] [info] {
  level: 'info',
  from: 'assetCache',
  type: 'updateAssetsResponseParse',
  data: { time: 5 }
}
[2021-03-11 16:51:03.852] [info] No app update available
[2021-03-11 16:52:03.868] [info] Checking for app update
[2021-03-11 16:52:04.147] [info] {
  level: 'info',
  from: 'assetCache',
  type: 'updateAssetsFetch',
  data: { time: 278 }
}
[2021-03-11 16:52:04.150] [info] {
  level: 'info',
  from: 'assetCache',
  type: 'updateAssetsResponseParse',
  data: { time: 2 }
}
[2021-03-11 16:52:04.150] [info] No app update available
[2021-03-11 16:53:04.179] [info] Checking for app update
[2021-03-11 16:53:04.459] [info] {
  level: 'info',
  from: 'assetCache',
  type: 'updateAssetsFetch',
  data: { time: 280 }
}
[2021-03-11 16:53:04.465] [info] {
  level: 'info',
  from: 'assetCache',
  type: 'updateAssetsResponseParse',
  data: { time: 5 }
}
[2021-03-11 16:53:04.465] [info] No app update available
[2021-03-11 16:54:04.882] [info] Checking for app update
[2021-03-11 16:54:05.195] [info] {
  level: 'info',
  from: 'assetCache',
  type: 'updateAssetsFetch',
  data: { time: 312 }
}
[2021-03-11 16:54:05.201] [info] {
  level: 'info',
  from: 'assetCache',
  type: 'updateAssetsResponseParse',
  data: { time: 4 }
}
[2021-03-11 16:54:05.201] [info] No app update available
[2021-03-11 16:55:05.231] [info] Checking for app update
[2021-03-11 16:55:05.514] [info] {
  level: 'info',
  from: 'assetCache',
  type: 'updateAssetsFetch',
  data: { time: 282 }
}
[2021-03-11 16:55:05.520] [info] {
  level: 'info',
  from: 'assetCache',
  type: 'updateAssetsResponseParse',
  data: { time: 6 }
}
[2021-03-11 16:55:05.520] [info] No app update available
[2021-03-11 16:56:05.540] [info] Checking for app update
[2021-03-11 16:56:05.781] [info] {
  level: 'info',
  from: 'assetCache',
  type: 'updateAssetsFetch',
  data: { time: 240 }
}
[2021-03-11 16:56:05.789] [info] {
  level: 'info',
  from: 'assetCache',
  type: 'updateAssetsResponseParse',
  data: { time: 8 }
}
[2021-03-11 16:56:05.789] [info] No app update available
[2021-03-11 16:57:05.805] [info] Checking for app update
[2021-03-11 16:57:06.061] [info] {
  level: 'info',
  from: 'assetCache',
  type: 'updateAssetsFetch',
  data: { time: 256 }
}
[2021-03-11 16:57:06.260] [info] {
  level: 'info',
  from: 'assetCache',
  type: 'updateAssetsResponseParse',
  data: { time: 198 }
}
[2021-03-11 16:57:06.260] [info] No app update available
[2021-03-11 16:58:06.283] [info] Checking for app update
[2021-03-11 16:58:06.548] [info] {
  level: 'info',
  from: 'assetCache',
  type: 'updateAssetsFetch',
  data: { time: 264 }
}
[2021-03-11 16:58:06.551] [info] {
  level: 'info',
  from: 'assetCache',
  type: 'updateAssetsResponseParse',
  data: { time: 2 }
}
[2021-03-11 16:58:06.551] [info] No app update available
[2021-03-11 16:59:06.568] [info] Checking for app update
[2021-03-11 16:59:06.830] [info] {
  level: 'info',
  from: 'assetCache',
  type: 'updateAssetsFetch',
  data: { time: 261 }
}
[2021-03-11 16:59:06.836] [info] {
  level: 'info',
  from: 'assetCache',
  type: 'updateAssetsResponseParse',
  data: { time: 6 }
}
[2021-03-11 16:59:06.836] [info] No app update available
[2021-03-11 17:00:06.839] [info] Checking for app update
[2021-03-11 17:00:07.108] [info] {
  level: 'info',
  from: 'assetCache',
  type: 'updateAssetsFetch',
  data: { time: 269 }
}
[2021-03-11 17:00:07.284] [info] {
  level: 'info',
  from: 'assetCache',
  type: 'updateAssetsResponseParse',
  data: { time: 176 }
}
[2021-03-11 17:00:07.284] [info] No app update available
[2021-03-11 17:01:07.306] [info] Checking for app update
[2021-03-11 17:01:07.719] [info] {
  level: 'info',
  from: 'assetCache',
  type: 'updateAssetsFetch',
  data: { time: 412 }
}
[2021-03-11 17:01:07.748] [info] {
  level: 'info',
  from: 'assetCache',
  type: 'updateAssetsResponseParse',
  data: { time: 28 }
}
[2021-03-11 17:01:07.748] [info] No app update available
[2021-03-11 17:02:07.771] [info] Checking for app update
[2021-03-11 17:02:08.047] [info] {
  level: 'info',
  from: 'assetCache',
  type: 'updateAssetsFetch',
  data: { time: 275 }
}
[2021-03-11 17:02:08.054] [info] {
  level: 'info',
  from: 'assetCache',
  type: 'updateAssetsResponseParse',
  data: { time: 6 }
}
[2021-03-11 17:02:08.054] [info] No app update available
[2021-03-11 17:03:08.075] [info] Checking for app update
[2021-03-11 17:03:08.334] [info] {
  level: 'info',
  from: 'assetCache',
  type: 'updateAssetsFetch',
  data: { time: 257 }
}
[2021-03-11 17:03:08.341] [info] {
  level: 'info',
  from: 'assetCache',
  type: 'updateAssetsResponseParse',
  data: { time: 7 }
}
[2021-03-11 17:03:08.341] [info] No app update available
[2021-03-11 17:04:08.379] [info] Checking for app update
[2021-03-11 17:04:11.154] [info] {
  level: 'info',
  from: 'assetCache',
  type: 'updateAssetsFetch',
  data: { time: 2774 }
}
[2021-03-11 17:04:11.248] [info] {
  level: 'info',
  from: 'assetCache',
  type: 'updateAssetsResponseParse',
  data: { time: 94 }
}
[2021-03-11 17:04:11.248] [info] No app update available
[2021-03-11 17:05:11.277] [info] Checking for app update
[2021-03-11 17:05:11.568] [info] {
  level: 'info',
  from: 'assetCache',
  type: 'updateAssetsFetch',
  data: { time: 289 }
}
[2021-03-11 17:05:11.573] [info] {
  level: 'info',
  from: 'assetCache',
  type: 'updateAssetsResponseParse',
  data: { time: 5 }
}
[2021-03-11 17:05:11.573] [info] No app update available
[2021-03-11 17:06:11.579] [info] Checking for app update
[2021-03-11 17:06:11.869] [info] {
  level: 'info',
  from: 'assetCache',
  type: 'updateAssetsFetch',
  data: { time: 288 }
}
[2021-03-11 17:06:11.873] [info] {
  level: 'info',
  from: 'assetCache',
  type: 'updateAssetsResponseParse',
  data: { time: 4 }
}
[2021-03-11 17:06:11.873] [info] No app update available
[2021-03-11 17:07:11.915] [info] Checking for app update
[2021-03-11 17:07:12.410] [info] {
  level: 'info',
  from: 'assetCache',
  type: 'updateAssetsFetch',
  data: { time: 494 }
}
[2021-03-11 17:07:12.423] [info] {
  level: 'info',
  from: 'assetCache',
  type: 'updateAssetsResponseParse',
  data: { time: 12 }
}
[2021-03-11 17:07:12.423] [info] No app update available
[2021-03-11 17:08:12.599] [info] Checking for app update
[2021-03-11 17:08:14.563] [info] {
  level: 'info',
  from: 'assetCache',
  type: 'updateAssetsFetch',
  data: { time: 1963 }
}
[2021-03-11 17:08:14.624] [info] {
  level: 'info',
  from: 'assetCache',
  type: 'updateAssetsResponseParse',
  data: { time: 61 }
}
[2021-03-11 17:08:14.624] [info] No app update available
[2021-03-11 17:09:14.653] [info] Checking for app update
[2021-03-11 17:09:14.946] [info] {
  level: 'info',
  from: 'assetCache',
  type: 'updateAssetsFetch',
  data: { time: 292 }
}
[2021-03-11 17:09:14.952] [info] {
  level: 'info',
  from: 'assetCache',
  type: 'updateAssetsResponseParse',
  data: { time: 6 }
}
[2021-03-11 17:09:14.952] [info] No app update available
[2021-03-11 17:10:15.019] [info] Checking for app update
[2021-03-11 17:10:15.287] [info] {
  level: 'info',
  from: 'assetCache',
  type: 'updateAssetsFetch',
  data: { time: 267 }
}
[2021-03-11 17:10:15.460] [info] {
  level: 'info',
  from: 'assetCache',
  type: 'updateAssetsResponseParse',
  data: { time: 172 }
}
[2021-03-11 17:10:15.460] [info] No app update available
[2021-03-11 17:11:15.487] [info] Checking for app update
[2021-03-11 17:11:21.087] [info] {
  level: 'info',
  from: 'assetCache',
  type: 'updateAssetsFetch',
  data: { time: 5599 }
}
[2021-03-11 17:11:21.420] [info] {
  level: 'info',
  from: 'assetCache',
  type: 'updateAssetsResponseParse',
  data: { time: 332 }
}
[2021-03-11 17:11:21.421] [info] No app update available
[2021-03-11 17:12:21.457] [info] Checking for app update
[2021-03-11 17:12:21.708] [info] {
  level: 'info',
  from: 'assetCache',
  type: 'updateAssetsFetch',
  data: { time: 250 }
}
[2021-03-11 17:12:21.713] [info] {
  level: 'info',
  from: 'assetCache',
  type: 'updateAssetsResponseParse',
  data: { time: 4 }
}
[2021-03-11 17:12:21.713] [info] No app update available
[2021-03-11 17:13:21.752] [info] Checking for app update
[2021-03-11 17:13:22.021] [info] {
  level: 'info',
  from: 'assetCache',
  type: 'updateAssetsFetch',
  data: { time: 267 }
}
[2021-03-11 17:13:22.027] [info] {
  level: 'info',
  from: 'assetCache',
  type: 'updateAssetsResponseParse',
  data: { time: 6 }
}
[2021-03-11 17:13:22.027] [info] No app update available
[2021-03-11 17:14:22.063] [info] Checking for app update
[2021-03-11 17:14:22.351] [info] {
  level: 'info',
  from: 'assetCache',
  type: 'updateAssetsFetch',
  data: { time: 286 }
}
[2021-03-11 17:14:22.358] [info] {
  level: 'info',
  from: 'assetCache',
  type: 'updateAssetsResponseParse',
  data: { time: 7 }
}
[2021-03-11 17:14:22.358] [info] No app update available
[2021-03-11 17:15:22.397] [info] Checking for app update
[2021-03-11 17:15:23.229] [info] {
  level: 'info',
  from: 'assetCache',
  type: 'updateAssetsFetch',
  data: { time: 831 }
}
[2021-03-11 17:15:23.405] [info] {
  level: 'info',
  from: 'assetCache',
  type: 'updateAssetsResponseParse',
  data: { time: 174 }
}
[2021-03-11 17:15:23.405] [info] No app update available
[2021-03-11 17:16:23.441] [info] Checking for app update
[2021-03-11 17:16:23.718] [info] {
  level: 'info',
  from: 'assetCache',
  type: 'updateAssetsFetch',
  data: { time: 276 }
}
[2021-03-11 17:16:23.723] [info] {
  level: 'info',
  from: 'assetCache',
  type: 'updateAssetsResponseParse',
  data: { time: 4 }
}
[2021-03-11 17:16:23.723] [info] No app update available
[2021-03-11 17:17:23.761] [info] Checking for app update
[2021-03-11 17:17:24.616] [info] {
  level: 'info',
  from: 'assetCache',
  type: 'updateAssetsFetch',
  data: { time: 854 }
}
[2021-03-11 17:17:24.794] [info] {
  level: 'info',
  from: 'assetCache',
  type: 'updateAssetsResponseParse',
  data: { time: 178 }
}
[2021-03-11 17:17:24.794] [info] No app update available
[2021-03-11 17:18:24.831] [info] Checking for app update
[2021-03-11 17:18:25.132] [info] {
  level: 'info',
  from: 'assetCache',
  type: 'updateAssetsFetch',
  data: { time: 300 }
}
[2021-03-11 17:18:25.145] [info] {
  level: 'info',
  from: 'assetCache',
  type: 'updateAssetsResponseParse',
  data: { time: 13 }
}
[2021-03-11 17:18:25.145] [info] No app update available
[2021-03-11 17:19:25.166] [info] Checking for app update
[2021-03-11 17:19:25.424] [info] {
  level: 'info',
  from: 'assetCache',
  type: 'updateAssetsFetch',
  data: { time: 257 }
}
[2021-03-11 17:19:25.429] [info] {
  level: 'info',
  from: 'assetCache',
  type: 'updateAssetsResponseParse',
  data: { time: 5 }
}
[2021-03-11 17:19:25.429] [info] No app update available
[2021-03-11 17:20:26.150] [info] Checking for app update
[2021-03-11 17:20:26.485] [info] {
  level: 'info',
  from: 'assetCache',
  type: 'updateAssetsFetch',
  data: { time: 334 }
}
[2021-03-11 17:20:26.638] [info] {
  level: 'info',
  from: 'assetCache',
  type: 'updateAssetsResponseParse',
  data: { time: 151 }
}
[2021-03-11 17:20:26.638] [info] No app update available
[2021-03-11 17:21:27.101] [info] Checking for app update
[2021-03-11 17:21:27.384] [info] {
  level: 'info',
  from: 'assetCache',
  type: 'updateAssetsFetch',
  data: { time: 281 }
}
[2021-03-11 17:21:27.391] [info] {
  level: 'info',
  from: 'assetCache',
  type: 'updateAssetsResponseParse',
  data: { time: 6 }
}
[2021-03-11 17:21:27.391] [info] No app update available
[2021-03-11 17:22:27.434] [info] Checking for app update
[2021-03-11 17:22:28.157] [info] {
  level: 'info',
  from: 'assetCache',
  type: 'updateAssetsFetch',
  data: { time: 721 }
}
[2021-03-11 17:22:28.198] [info] {
  level: 'info',
  from: 'assetCache',
  type: 'updateAssetsResponseParse',
  data: { time: 41 }
}
[2021-03-11 17:22:28.198] [info] No app update available
[2021-03-11 17:23:28.243] [info] Checking for app update
[2021-03-11 17:23:28.493] [info] {
  level: 'info',
  from: 'assetCache',
  type: 'updateAssetsFetch',
  data: { time: 249 }
}
[2021-03-11 17:23:28.499] [info] {
  level: 'info',
  from: 'assetCache',
  type: 'updateAssetsResponseParse',
  data: { time: 5 }
}
[2021-03-11 17:23:28.499] [info] No app update available
[2021-03-11 17:24:28.950] [info] Checking for app update
[2021-03-11 17:24:29.199] [info] {
  level: 'info',
  from: 'assetCache',
  type: 'updateAssetsFetch',
  data: { time: 248 }
}
[2021-03-11 17:24:29.204] [info] {
  level: 'info',
  from: 'assetCache',
  type: 'updateAssetsResponseParse',
  data: { time: 4 }
}
[2021-03-11 17:24:29.204] [info] No app update available
[2021-03-11 17:25:29.248] [info] Checking for app update
[2021-03-11 17:25:29.986] [info] {
  level: 'info',
  from: 'assetCache',
  type: 'updateAssetsFetch',
  data: { time: 737 }
}
[2021-03-11 17:25:30.150] [info] {
  level: 'info',
  from: 'assetCache',
  type: 'updateAssetsResponseParse',
  data: { time: 162 }
}
[2021-03-11 17:25:30.150] [info] No app update available
[2021-03-11 17:26:30.226] [info] Checking for app update
[2021-03-11 17:26:30.480] [info] {
  level: 'info',
  from: 'assetCache',
  type: 'updateAssetsFetch',
  data: { time: 253 }
}
[2021-03-11 17:26:30.484] [info] {
  level: 'info',
  from: 'assetCache',
  type: 'updateAssetsResponseParse',
  data: { time: 3 }
}
[2021-03-11 17:26:30.485] [info] No app update available
[2021-03-11 17:27:30.524] [info] Checking for app update
[2021-03-11 17:27:30.838] [info] {
  level: 'info',
  from: 'assetCache',
  type: 'updateAssetsFetch',
  data: { time: 313 }
}
[2021-03-11 17:27:30.848] [info] {
  level: 'info',
  from: 'assetCache',
  type: 'updateAssetsResponseParse',
  data: { time: 9 }
}
[2021-03-11 17:27:30.848] [info] No app update available
[2021-03-11 17:28:30.924] [info] Checking for app update
[2021-03-11 17:28:31.202] [info] {
  level: 'info',
  from: 'assetCache',
  type: 'updateAssetsFetch',
  data: { time: 277 }
}
[2021-03-11 17:28:31.366] [info] {
  level: 'info',
  from: 'assetCache',
  type: 'updateAssetsResponseParse',
  data: { time: 163 }
}
[2021-03-11 17:28:31.366] [info] No app update available
[2021-03-11 17:29:31.410] [info] Checking for app update
[2021-03-11 17:29:31.682] [info] {
  level: 'info',
  from: 'assetCache',
  type: 'updateAssetsFetch',
  data: { time: 271 }
}
[2021-03-11 17:29:31.861] [info] {
  level: 'info',
  from: 'assetCache',
  type: 'updateAssetsResponseParse',
  data: { time: 178 }
}
[2021-03-11 17:29:31.861] [info] No app update available
[2021-03-11 17:30:32.016] [info] Checking for app update
[2021-03-11 17:30:32.331] [info] {
  level: 'info',
  from: 'assetCache',
  type: 'updateAssetsFetch',
  data: { time: 314 }
}
[2021-03-11 17:30:32.334] [info] {
  level: 'info',
  from: 'assetCache',
  type: 'updateAssetsResponseParse',
  data: { time: 2 }
}
[2021-03-11 17:30:32.334] [info] No app update available
[2021-03-11 17:31:32.380] [info] Checking for app update
[2021-03-11 17:31:32.706] [info] {
  level: 'info',
  from: 'assetCache',
  type: 'updateAssetsFetch',
  data: { time: 325 }
}
[2021-03-11 17:31:32.881] [info] {
  level: 'info',
  from: 'assetCache',
  type: 'updateAssetsResponseParse',
  data: { time: 174 }
}
[2021-03-11 17:31:32.881] [info] No app update available
[2021-03-11 17:32:32.964] [info] Checking for app update
[2021-03-11 17:32:33.236] [info] {
  level: 'info',
  from: 'assetCache',
  type: 'updateAssetsFetch',
  data: { time: 271 }
}
[2021-03-11 17:32:33.239] [info] {
  level: 'info',
  from: 'assetCache',
  type: 'updateAssetsResponseParse',
  data: { time: 1 }
}
[2021-03-11 17:32:33.239] [info] No app update available
[2021-03-11 17:33:33.282] [info] Checking for app update
[2021-03-11 17:33:34.111] [info] {
  level: 'info',
  from: 'assetCache',
  type: 'updateAssetsFetch',
  data: { time: 828 }
}
[2021-03-11 17:33:34.484] [info] {
  level: 'info',
  from: 'assetCache',
  type: 'updateAssetsResponseParse',
  data: { time: 371 }
}
[2021-03-11 17:33:34.484] [info] No app update available
[2021-03-11 17:34:34.538] [info] Checking for app update
[2021-03-11 17:34:34.816] [info] {
  level: 'info',
  from: 'assetCache',
  type: 'updateAssetsFetch',
  data: { time: 277 }
}
[2021-03-11 17:34:34.818] [info] {
  level: 'info',
  from: 'assetCache',
  type: 'updateAssetsResponseParse',
  data: { time: 2 }
}
[2021-03-11 17:34:34.818] [info] No app update available
[2021-03-11 17:35:34.875] [info] Checking for app update
[2021-03-11 17:35:35.123] [info] {
  level: 'info',
  from: 'assetCache',
  type: 'updateAssetsFetch',
  data: { time: 247 }
}
[2021-03-11 17:35:35.284] [info] {
  level: 'info',
  from: 'assetCache',
  type: 'updateAssetsResponseParse',
  data: { time: 160 }
}
[2021-03-11 17:35:35.285] [info] No app update available
[2021-03-11 17:36:35.328] [info] Checking for app update
[2021-03-11 17:36:35.611] [info] {
  level: 'info',
  from: 'assetCache',
  type: 'updateAssetsFetch',
  data: { time: 282 }
}
[2021-03-11 17:36:35.769] [info] {
  level: 'info',
  from: 'assetCache',
  type: 'updateAssetsResponseParse',
  data: { time: 157 }
}
[2021-03-11 17:36:35.770] [info] No app update available
[2021-03-11 17:37:35.818] [info] Checking for app update
[2021-03-11 17:37:36.119] [info] {
  level: 'info',
  from: 'assetCache',
  type: 'updateAssetsFetch',
  data: { time: 300 }
}
[2021-03-11 17:37:36.124] [info] {
  level: 'info',
  from: 'assetCache',
  type: 'updateAssetsResponseParse',
  data: { time: 5 }
}
[2021-03-11 17:37:36.124] [info] No app update available
[2021-03-11 17:38:36.174] [info] Checking for app update
[2021-03-11 17:38:37.211] [info] {
  level: 'info',
  from: 'assetCache',
  type: 'updateAssetsFetch',
  data: { time: 1036 }
}
[2021-03-11 17:38:37.254] [info] {
  level: 'info',
  from: 'assetCache',
  type: 'updateAssetsResponseParse',
  data: { time: 43 }
}
[2021-03-11 17:38:37.254] [info] No app update available
[2021-03-11 17:39:38.262] [info] Checking for app update
[2021-03-11 17:39:38.541] [info] {
  level: 'info',
  from: 'assetCache',
  type: 'updateAssetsFetch',
  data: { time: 278 }
}
[2021-03-11 17:39:38.546] [info] {
  level: 'info',
  from: 'assetCache',
  type: 'updateAssetsResponseParse',
  data: { time: 5 }
}
[2021-03-11 17:39:38.546] [info] No app update available
[2021-03-11 17:40:38.579] [info] Checking for app update
[2021-03-11 17:40:38.838] [info] {
  level: 'info',
  from: 'assetCache',
  type: 'updateAssetsFetch',
  data: { time: 257 }
}
[2021-03-11 17:40:38.843] [info] {
  level: 'info',
  from: 'assetCache',
  type: 'updateAssetsResponseParse',
  data: { time: 4 }
}
[2021-03-11 17:40:38.843] [info] No app update available
[2021-03-11 17:41:38.891] [info] Checking for app update
[2021-03-11 17:41:39.146] [info] {
  level: 'info',
  from: 'assetCache',
  type: 'updateAssetsFetch',
  data: { time: 254 }
}
[2021-03-11 17:41:39.149] [info] {
  level: 'info',
  from: 'assetCache',
  type: 'updateAssetsResponseParse',
  data: { time: 1 }
}
[2021-03-11 17:41:39.149] [info] No app update available
[2021-03-11 17:42:42.981] [info] Checking for app update
[2021-03-11 17:42:43.233] [info] {
  level: 'info',
  from: 'assetCache',
  type: 'updateAssetsFetch',
  data: { time: 250 }
}
[2021-03-11 17:42:43.238] [info] {
  level: 'info',
  from: 'assetCache',
  type: 'updateAssetsResponseParse',
  data: { time: 4 }
}
[2021-03-11 17:42:43.238] [info] No app update available
[2021-03-11 17:43:43.358] [info] Checking for app update
[2021-03-11 17:43:43.603] [info] {
  level: 'info',
  from: 'assetCache',
  type: 'updateAssetsFetch',
  data: { time: 244 }
}
[2021-03-11 17:43:43.609] [info] {
  level: 'info',
  from: 'assetCache',
  type: 'updateAssetsResponseParse',
  data: { time: 6 }
}
[2021-03-11 17:43:43.609] [info] No app update available
[2021-03-11 17:44:43.663] [info] Checking for app update
[2021-03-11 17:44:43.913] [info] {
  level: 'info',
  from: 'assetCache',
  type: 'updateAssetsFetch',
  data: { time: 248 }
}
[2021-03-11 17:44:43.918] [info] {
  level: 'info',
  from: 'assetCache',
  type: 'updateAssetsResponseParse',
  data: { time: 5 }
}
[2021-03-11 17:44:43.918] [info] No app update available
[2021-03-11 17:45:44.376] [info] Checking for app update
[2021-03-11 17:45:44.627] [info] {
  level: 'info',
  from: 'assetCache',
  type: 'updateAssetsFetch',
  data: { time: 251 }
}
[2021-03-11 17:45:44.632] [info] {
  level: 'info',
  from: 'assetCache',
  type: 'updateAssetsResponseParse',
  data: { time: 4 }
}
[2021-03-11 17:45:44.633] [info] No app update available
[2021-03-11 17:46:44.689] [info] Checking for app update
[2021-03-11 17:46:44.953] [info] {
  level: 'info',
  from: 'assetCache',
  type: 'updateAssetsFetch',
  data: { time: 263 }
}
[2021-03-11 17:46:44.959] [info] {
  level: 'info',
  from: 'assetCache',
  type: 'updateAssetsResponseParse',
  data: { time: 5 }
}
[2021-03-11 17:46:44.959] [info] No app update available
[2021-03-11 17:47:45.015] [info] Checking for app update
[2021-03-11 17:47:45.269] [info] {
  level: 'info',
  from: 'assetCache',
  type: 'updateAssetsFetch',
  data: { time: 253 }
}
[2021-03-11 17:47:45.279] [info] {
  level: 'info',
  from: 'assetCache',
  type: 'updateAssetsResponseParse',
  data: { time: 9 }
}
[2021-03-11 17:47:45.279] [info] No app update available
[2021-03-11 17:48:45.338] [info] Checking for app update
[2021-03-11 17:48:45.712] [info] {
  level: 'info',
  from: 'assetCache',
  type: 'updateAssetsFetch',
  data: { time: 372 }
}
[2021-03-11 17:48:45.728] [info] {
  level: 'info',
  from: 'assetCache',
  type: 'updateAssetsResponseParse',
  data: { time: 15 }
}
[2021-03-11 17:48:45.728] [info] No app update available
[2021-03-11 17:49:45.744] [info] Checking for app update
[2021-03-11 17:49:46.590] [info] {
  level: 'info',
  from: 'assetCache',
  type: 'updateAssetsFetch',
  data: { time: 844 }
}
[2021-03-11 17:49:46.773] [info] {
  level: 'info',
  from: 'assetCache',
  type: 'updateAssetsResponseParse',
  data: { time: 183 }
}
[2021-03-11 17:49:46.773] [info] No app update available
[2021-03-11 17:50:46.796] [info] Checking for app update
[2021-03-11 17:50:47.051] [info] {
  level: 'info',
  from: 'assetCache',
  type: 'updateAssetsFetch',
  data: { time: 254 }
}
[2021-03-11 17:50:47.056] [info] {
  level: 'info',
  from: 'assetCache',
  type: 'updateAssetsResponseParse',
  data: { time: 4 }
}
[2021-03-11 17:50:47.056] [info] No app update available
[2021-03-11 17:51:47.329] [info] Checking for app update
[2021-03-11 17:51:47.635] [info] {
  level: 'info',
  from: 'assetCache',
  type: 'updateAssetsFetch',
  data: { time: 306 }
}
[2021-03-11 17:51:47.827] [info] {
  level: 'info',
  from: 'assetCache',
  type: 'updateAssetsResponseParse',
  data: { time: 192 }
}
[2021-03-11 17:51:47.828] [info] No app update available
[2021-03-11 17:52:47.887] [info] Checking for app update
[2021-03-11 17:52:48.203] [info] {
  level: 'info',
  from: 'assetCache',
  type: 'updateAssetsFetch',
  data: { time: 315 }
}
[2021-03-11 17:52:48.207] [info] {
  level: 'info',
  from: 'assetCache',
  type: 'updateAssetsResponseParse',
  data: { time: 3 }
}
[2021-03-11 17:52:48.207] [info] No app update available
[2021-03-11 17:53:48.264] [info] Checking for app update
[2021-03-11 17:53:48.723] [info] {
  level: 'info',
  from: 'assetCache',
  type: 'updateAssetsFetch',
  data: { time: 457 }
}
[2021-03-11 17:53:48.794] [info] {
  level: 'info',
  from: 'assetCache',
  type: 'updateAssetsResponseParse',
  data: { time: 70 }
}
[2021-03-11 17:53:48.794] [info] No app update available
[2021-03-11 17:54:48.852] [info] Checking for app update
[2021-03-11 17:54:49.117] [info] {
  level: 'info',
  from: 'assetCache',
  type: 'updateAssetsFetch',
  data: { time: 264 }
}
[2021-03-11 17:54:49.122] [info] {
  level: 'info',
  from: 'assetCache',
  type: 'updateAssetsResponseParse',
  data: { time: 3 }
}
[2021-03-11 17:54:49.122] [info] No app update available
[2021-03-11 17:55:49.182] [info] Checking for app update
[2021-03-11 17:55:49.433] [info] {
  level: 'info',
  from: 'assetCache',
  type: 'updateAssetsFetch',
  data: { time: 250 }
}
[2021-03-11 17:55:49.439] [info] {
  level: 'info',
  from: 'assetCache',
  type: 'updateAssetsResponseParse',
  data: { time: 5 }
}
[2021-03-11 17:55:49.439] [info] No app update available
[2021-03-11 17:56:49.441] [info] Checking for app update
[2021-03-11 17:56:49.706] [info] {
  level: 'info',
  from: 'assetCache',
  type: 'updateAssetsFetch',
  data: { time: 264 }
}
[2021-03-11 17:56:49.710] [info] {
  level: 'info',
  from: 'assetCache',
  type: 'updateAssetsResponseParse',
  data: { time: 3 }
}
[2021-03-11 17:56:49.710] [info] No app update available
[2021-03-11 17:57:49.769] [info] Checking for app update
[2021-03-11 17:57:50.048] [info] {
  level: 'info',
  from: 'assetCache',
  type: 'updateAssetsFetch',
  data: { time: 278 }
}
[2021-03-11 17:57:50.053] [info] {
  level: 'info',
  from: 'assetCache',
  type: 'updateAssetsResponseParse',
  data: { time: 5 }
}
[2021-03-11 17:57:50.054] [info] No app update available
[2021-03-11 17:58:50.111] [info] Checking for app update
[2021-03-11 17:58:50.405] [info] {
  level: 'info',
  from: 'assetCache',
  type: 'updateAssetsFetch',
  data: { time: 293 }
}
[2021-03-11 17:58:50.409] [info] {
  level: 'info',
  from: 'assetCache',
  type: 'updateAssetsResponseParse',
  data: { time: 3 }
}
[2021-03-11 17:58:50.410] [info] No app update available
[2021-03-11 17:59:50.410] [info] Checking for app update
[2021-03-11 17:59:50.694] [info] {
  level: 'info',
  from: 'assetCache',
  type: 'updateAssetsFetch',
  data: { time: 283 }
}
[2021-03-11 17:59:50.701] [info] {
  level: 'info',
  from: 'assetCache',
  type: 'updateAssetsResponseParse',
  data: { time: 6 }
}
[2021-03-11 17:59:50.701] [info] No app update available
[2021-03-11 18:00:50.709] [info] Checking for app update
[2021-03-11 18:00:50.987] [info] {
  level: 'info',
  from: 'assetCache',
  type: 'updateAssetsFetch',
  data: { time: 277 }
}
[2021-03-11 18:00:50.994] [info] {
  level: 'info',
  from: 'assetCache',
  type: 'updateAssetsResponseParse',
  data: { time: 6 }
}
[2021-03-11 18:00:50.994] [info] No app update available
[2021-03-11 18:01:51.120] [info] Checking for app update
[2021-03-11 18:01:51.390] [info] {
  level: 'info',
  from: 'assetCache',
  type: 'updateAssetsFetch',
  data: { time: 269 }
}
[2021-03-11 18:01:51.394] [info] {
  level: 'info',
  from: 'assetCache',
  type: 'updateAssetsResponseParse',
  data: { time: 4 }
}
[2021-03-11 18:01:51.394] [info] No app update available
[2021-03-11 18:02:51.396] [info] Checking for app update
[2021-03-11 18:02:51.644] [info] {
  level: 'info',
  from: 'assetCache',
  type: 'updateAssetsFetch',
  data: { time: 248 }
}
[2021-03-11 18:02:51.647] [info] {
  level: 'info',
  from: 'assetCache',
  type: 'updateAssetsResponseParse',
  data: { time: 2 }
}
[2021-03-11 18:02:51.647] [info] No app update available
[2021-03-11 18:03:51.649] [info] Checking for app update
[2021-03-11 18:03:52.024] [info] {
  level: 'info',
  from: 'assetCache',
  type: 'updateAssetsFetch',
  data: { time: 373 }
}
[2021-03-11 18:03:52.036] [info] {
  level: 'info',
  from: 'assetCache',
  type: 'updateAssetsResponseParse',
  data: { time: 11 }
}
[2021-03-11 18:03:52.036] [info] No app update available
[2021-03-11 18:04:52.039] [info] Checking for app update
[2021-03-11 18:04:52.324] [info] {
  level: 'info',
  from: 'assetCache',
  type: 'updateAssetsFetch',
  data: { time: 284 }
}
[2021-03-11 18:04:52.328] [info] {
  level: 'info',
  from: 'assetCache',
  type: 'updateAssetsResponseParse',
  data: { time: 3 }
}
[2021-03-11 18:04:52.328] [info] No app update available
[2021-03-11 18:05:52.356] [info] Checking for app update
[2021-03-11 18:05:52.662] [info] {
  level: 'info',
  from: 'assetCache',
  type: 'updateAssetsFetch',
  data: { time: 304 }
}
[2021-03-11 18:05:52.667] [info] {
  level: 'info',
  from: 'assetCache',
  type: 'updateAssetsResponseParse',
  data: { time: 3 }
}
[2021-03-11 18:05:52.667] [info] No app update available
[2021-03-11 18:06:52.859] [info] Checking for app update
[2021-03-11 18:06:53.184] [info] {
  level: 'info',
  from: 'assetCache',
  type: 'updateAssetsFetch',
  data: { time: 324 }
}
[2021-03-11 18:06:53.206] [info] {
  level: 'info',
  from: 'assetCache',
  type: 'updateAssetsResponseParse',
  data: { time: 21 }
}
[2021-03-11 18:06:53.206] [info] No app update available
[2021-03-11 18:07:53.209] [info] Checking for app update
[2021-03-11 18:07:53.463] [info] {
  level: 'info',
  from: 'assetCache',
  type: 'updateAssetsFetch',
  data: { time: 253 }
}
[2021-03-11 18:07:53.468] [info] {
  level: 'info',
  from: 'assetCache',
  type: 'updateAssetsResponseParse',
  data: { time: 4 }
}
[2021-03-11 18:07:53.468] [info] No app update available
[2021-03-11 18:08:53.536] [info] Checking for app update
[2021-03-11 18:08:54.285] [info] {
  level: 'info',
  from: 'assetCache',
  type: 'updateAssetsFetch',
  data: { time: 747 }
}
[2021-03-11 18:08:54.440] [info] {
  level: 'info',
  from: 'assetCache',
  type: 'updateAssetsResponseParse',
  data: { time: 155 }
}
[2021-03-11 18:08:54.440] [info] No app update available
[2021-03-11 18:09:54.450] [info] Checking for app update
[2021-03-11 18:09:54.694] [info] {
  level: 'info',
  from: 'assetCache',
  type: 'updateAssetsFetch',
  data: { time: 242 }
}
[2021-03-11 18:09:54.703] [info] {
  level: 'info',
  from: 'assetCache',
  type: 'updateAssetsResponseParse',
  data: { time: 9 }
}
[2021-03-11 18:09:54.703] [info] No app update available
[2021-03-11 18:10:55.694] [info] Checking for app update
[2021-03-11 18:10:58.045] [info] {
  level: 'info',
  from: 'assetCache',
  type: 'updateAssetsFetch',
  data: { time: 2350 }
}
[2021-03-11 18:10:58.055] [info] {
  level: 'info',
  from: 'assetCache',
  type: 'updateAssetsResponseParse',
  data: { time: 9 }
}
[2021-03-11 18:10:58.055] [info] No app update available
[2021-03-11 18:11:58.083] [info] Checking for app update
[2021-03-11 18:11:58.432] [info] {
  level: 'info',
  from: 'assetCache',
  type: 'updateAssetsFetch',
  data: { time: 348 }
}
[2021-03-11 18:11:58.434] [info] {
  level: 'info',
  from: 'assetCache',
  type: 'updateAssetsResponseParse',
  data: { time: 2 }
}
[2021-03-11 18:11:58.434] [info] No app update available
[2021-03-11 18:12:58.435] [info] Checking for app update
[2021-03-11 18:12:58.699] [info] {
  level: 'info',
  from: 'assetCache',
  type: 'updateAssetsFetch',
  data: { time: 263 }
}
[2021-03-11 18:12:58.705] [info] {
  level: 'info',
  from: 'assetCache',
  type: 'updateAssetsResponseParse',
  data: { time: 5 }
}
[2021-03-11 18:12:58.705] [info] No app update available
[2021-03-11 18:13:58.717] [info] Checking for app update
[2021-03-11 18:13:58.997] [info] {
  level: 'info',
  from: 'assetCache',
  type: 'updateAssetsFetch',
  data: { time: 279 }
}
[2021-03-11 18:13:59.004] [info] {
  level: 'info',
  from: 'assetCache',
  type: 'updateAssetsResponseParse',
  data: { time: 6 }
}
[2021-03-11 18:13:59.005] [info] No app update available
[2021-03-11 18:15:00.602] [info] Checking for app update
[2021-03-11 18:15:00.863] [info] {
  level: 'info',
  from: 'assetCache',
  type: 'updateAssetsFetch',
  data: { time: 260 }
}
[2021-03-11 18:15:00.867] [info] {
  level: 'info',
  from: 'assetCache',
  type: 'updateAssetsResponseParse',
  data: { time: 3 }
}
[2021-03-11 18:15:00.867] [info] No app update available
[2021-03-11 18:16:00.923] [info] Checking for app update
[2021-03-11 18:16:01.234] [info] {
  level: 'info',
  from: 'assetCache',
  type: 'updateAssetsFetch',
  data: { time: 310 }
}
[2021-03-11 18:16:01.238] [info] {
  level: 'info',
  from: 'assetCache',
  type: 'updateAssetsResponseParse',
  data: { time: 3 }
}
[2021-03-11 18:16:01.238] [info] No app update available
[2021-03-11 18:17:01.372] [info] Checking for app update
[2021-03-11 18:17:01.652] [info] {
  level: 'info',
  from: 'assetCache',
  type: 'updateAssetsFetch',
  data: { time: 279 }
}
[2021-03-11 18:17:01.656] [info] {
  level: 'info',
  from: 'assetCache',
  type: 'updateAssetsResponseParse',
  data: { time: 3 }
}
[2021-03-11 18:17:01.656] [info] No app update available
[2021-03-11 18:18:01.670] [info] Checking for app update
[2021-03-11 18:18:01.942] [info] {
  level: 'info',
  from: 'assetCache',
  type: 'updateAssetsFetch',
  data: { time: 271 }
}
[2021-03-11 18:18:02.123] [info] {
  level: 'info',
  from: 'assetCache',
  type: 'updateAssetsResponseParse',
  data: { time: 180 }
}
[2021-03-11 18:18:02.123] [info] No app update available
[2021-03-11 18:19:02.133] [info] Checking for app update
[2021-03-11 18:19:02.411] [info] {
  level: 'info',
  from: 'assetCache',
  type: 'updateAssetsFetch',
  data: { time: 278 }
}
[2021-03-11 18:19:02.588] [info] {
  level: 'info',
  from: 'assetCache',
  type: 'updateAssetsResponseParse',
  data: { time: 176 }
}
[2021-03-11 18:19:02.588] [info] No app update available
[2021-03-11 18:20:02.597] [info] Checking for app update
[2021-03-11 18:20:02.995] [info] {
  level: 'info',
  from: 'assetCache',
  type: 'updateAssetsFetch',
  data: { time: 397 }
}
[2021-03-11 18:20:03.004] [info] {
  level: 'info',
  from: 'assetCache',
  type: 'updateAssetsResponseParse',
  data: { time: 9 }
}
[2021-03-11 18:20:03.004] [info] No app update available
[2021-03-11 18:21:03.020] [info] Checking for app update
[2021-03-11 18:21:03.841] [info] {
  level: 'info',
  from: 'assetCache',
  type: 'updateAssetsFetch',
  data: { time: 820 }
}
[2021-03-11 18:21:03.998] [info] {
  level: 'info',
  from: 'assetCache',
  type: 'updateAssetsResponseParse',
  data: { time: 156 }
}
[2021-03-11 18:21:03.998] [info] No app update available
[2021-03-11 18:22:04.010] [info] Checking for app update
[2021-03-11 18:22:04.342] [info] {
  level: 'info',
  from: 'assetCache',
  type: 'updateAssetsFetch',
  data: { time: 332 }
}
[2021-03-11 18:22:04.345] [info] {
  level: 'info',
  from: 'assetCache',
  type: 'updateAssetsResponseParse',
  data: { time: 3 }
}
[2021-03-11 18:22:04.345] [info] No app update available
[2021-03-11 18:23:04.353] [info] Checking for app update
[2021-03-11 18:23:04.622] [info] {
  level: 'info',
  from: 'assetCache',
  type: 'updateAssetsFetch',
  data: { time: 268 }
}
[2021-03-11 18:23:04.632] [info] {
  level: 'info',
  from: 'assetCache',
  type: 'updateAssetsResponseParse',
  data: { time: 9 }
}
[2021-03-11 18:23:04.632] [info] No app update available
[2021-03-11 18:24:04.634] [info] Checking for app update
[2021-03-11 18:24:04.944] [info] {
  level: 'info',
  from: 'assetCache',
  type: 'updateAssetsFetch',
  data: { time: 309 }
}
[2021-03-11 18:24:05.126] [info] {
  level: 'info',
  from: 'assetCache',
  type: 'updateAssetsResponseParse',
  data: { time: 181 }
}
[2021-03-11 18:24:05.126] [info] No app update available
[2021-03-11 18:25:05.141] [info] Checking for app update
[2021-03-11 18:25:05.544] [info] {
  level: 'info',
  from: 'assetCache',
  type: 'updateAssetsFetch',
  data: { time: 403 }
}
[2021-03-11 18:25:05.552] [info] {
  level: 'info',
  from: 'assetCache',
  type: 'updateAssetsResponseParse',
  data: { time: 7 }
}
[2021-03-11 18:25:05.552] [info] No app update available
[2021-03-11 18:26:05.564] [info] Checking for app update
[2021-03-11 18:26:05.902] [info] {
  level: 'info',
  from: 'assetCache',
  type: 'updateAssetsFetch',
  data: { time: 336 }
}
[2021-03-11 18:26:05.906] [info] {
  level: 'info',
  from: 'assetCache',
  type: 'updateAssetsResponseParse',
  data: { time: 3 }
}
[2021-03-11 18:26:05.906] [info] No app update available
[2021-03-11 18:27:05.921] [info] Checking for app update
[2021-03-11 18:27:06.226] [info] {
  level: 'info',
  from: 'assetCache',
  type: 'updateAssetsFetch',
  data: { time: 303 }
}
[2021-03-11 18:27:06.233] [info] {
  level: 'info',
  from: 'assetCache',
  type: 'updateAssetsResponseParse',
  data: { time: 7 }
}
[2021-03-11 18:27:06.234] [info] No app update available
[2021-03-11 18:28:06.246] [info] Checking for app update
[2021-03-11 18:28:06.678] [info] {
  level: 'info',
  from: 'assetCache',
  type: 'updateAssetsFetch',
  data: { time: 431 }
}
[2021-03-11 18:28:06.688] [info] {
  level: 'info',
  from: 'assetCache',
  type: 'updateAssetsResponseParse',
  data: { time: 9 }
}
[2021-03-11 18:28:06.688] [info] No app update available
[2021-03-11 18:29:06.708] [info] Checking for app update
[2021-03-11 18:29:07.030] [info] {
  level: 'info',
  from: 'assetCache',
  type: 'updateAssetsFetch',
  data: { time: 321 }
}
[2021-03-11 18:29:07.035] [info] {
  level: 'info',
  from: 'assetCache',
  type: 'updateAssetsResponseParse',
  data: { time: 4 }
}
[2021-03-11 18:29:07.035] [info] No app update available
[2021-03-11 18:30:07.051] [info] Checking for app update
[2021-03-11 18:30:07.374] [info] {
  level: 'info',
  from: 'assetCache',
  type: 'updateAssetsFetch',
  data: { time: 323 }
}
[2021-03-11 18:30:07.800] [info] {
  level: 'info',
  from: 'assetCache',
  type: 'updateAssetsResponseParse',
  data: { time: 425 }
}
[2021-03-11 18:30:07.800] [info] No app update available
[2021-03-11 18:31:07.818] [info] Checking for app update
[2021-03-11 18:31:08.120] [info] {
  level: 'info',
  from: 'assetCache',
  type: 'updateAssetsFetch',
  data: { time: 302 }
}
[2021-03-11 18:31:08.125] [info] {
  level: 'info',
  from: 'assetCache',
  type: 'updateAssetsResponseParse',
  data: { time: 5 }
}
[2021-03-11 18:31:08.125] [info] No app update available
[2021-03-11 18:32:08.143] [info] Checking for app update
[2021-03-11 18:32:08.414] [info] {
  level: 'info',
  from: 'assetCache',
  type: 'updateAssetsFetch',
  data: { time: 270 }
}
[2021-03-11 18:32:08.420] [info] {
  level: 'info',
  from: 'assetCache',
  type: 'updateAssetsResponseParse',
  data: { time: 5 }
}
[2021-03-11 18:32:08.420] [info] No app update available
[2021-03-11 18:33:08.437] [info] Checking for app update
[2021-03-11 18:33:08.733] [info] {
  level: 'info',
  from: 'assetCache',
  type: 'updateAssetsFetch',
  data: { time: 295 }
}
[2021-03-11 18:33:08.920] [info] {
  level: 'info',
  from: 'assetCache',
  type: 'updateAssetsResponseParse',
  data: { time: 187 }
}
[2021-03-11 18:33:08.920] [info] No app update available
[2021-03-11 18:34:08.929] [info] Checking for app update
[2021-03-11 18:34:09.416] [info] {
  level: 'info',
  from: 'assetCache',
  type: 'updateAssetsFetch',
  data: { time: 486 }
}
[2021-03-11 18:34:09.418] [info] {
  level: 'info',
  from: 'assetCache',
  type: 'updateAssetsResponseParse',
  data: { time: 1 }
}
[2021-03-11 18:34:09.418] [info] No app update available
[2021-03-11 18:35:09.432] [info] Checking for app update
[2021-03-11 18:35:10.228] [info] {
  level: 'info',
  from: 'assetCache',
  type: 'updateAssetsFetch',
  data: { time: 795 }
}
[2021-03-11 18:35:10.232] [info] {
  level: 'info',
  from: 'assetCache',
  type: 'updateAssetsResponseParse',
  data: { time: 4 }
}
[2021-03-11 18:35:10.233] [info] No app update available
[2021-03-11 18:36:10.253] [info] Checking for app update
[2021-03-11 18:36:10.606] [info] {
  level: 'info',
  from: 'assetCache',
  type: 'updateAssetsFetch',
  data: { time: 352 }
}
[2021-03-11 18:36:10.612] [info] {
  level: 'info',
  from: 'assetCache',
  type: 'updateAssetsResponseParse',
  data: { time: 5 }
}
[2021-03-11 18:36:10.612] [info] No app update available
[2021-03-11 18:37:10.631] [info] Checking for app update
[2021-03-11 18:37:10.937] [info] {
  level: 'info',
  from: 'assetCache',
  type: 'updateAssetsFetch',
  data: { time: 305 }
}
[2021-03-11 18:37:11.122] [info] {
  level: 'info',
  from: 'assetCache',
  type: 'updateAssetsResponseParse',
  data: { time: 184 }
}
[2021-03-11 18:37:11.122] [info] No app update available
[2021-03-11 18:38:11.140] [info] Checking for app update
[2021-03-11 18:38:11.496] [info] {
  level: 'info',
  from: 'assetCache',
  type: 'updateAssetsFetch',
  data: { time: 355 }
}
[2021-03-11 18:38:11.503] [info] {
  level: 'info',
  from: 'assetCache',
  type: 'updateAssetsResponseParse',
  data: { time: 7 }
}
[2021-03-11 18:38:11.503] [info] No app update available
[2021-03-11 18:39:11.516] [info] Checking for app update
[2021-03-11 18:39:11.806] [info] {
  level: 'info',
  from: 'assetCache',
  type: 'updateAssetsFetch',
  data: { time: 288 }
}
[2021-03-11 18:39:11.817] [info] {
  level: 'info',
  from: 'assetCache',
  type: 'updateAssetsResponseParse',
  data: { time: 11 }
}
[2021-03-11 18:39:11.818] [info] No app update available
[2021-03-11 18:40:11.840] [info] Checking for app update
[2021-03-11 18:40:12.152] [info] {
  level: 'info',
  from: 'assetCache',
  type: 'updateAssetsFetch',
  data: { time: 311 }
}
[2021-03-11 18:40:12.159] [info] {
  level: 'info',
  from: 'assetCache',
  type: 'updateAssetsResponseParse',
  data: { time: 6 }
}
[2021-03-11 18:40:12.159] [info] No app update available
[2021-03-11 18:41:12.177] [info] Checking for app update
[2021-03-11 18:41:12.463] [info] {
  level: 'info',
  from: 'assetCache',
  type: 'updateAssetsFetch',
  data: { time: 285 }
}
[2021-03-11 18:41:12.470] [info] {
  level: 'info',
  from: 'assetCache',
  type: 'updateAssetsResponseParse',
  data: { time: 5 }
}
[2021-03-11 18:41:12.470] [info] No app update available
[2021-03-11 18:42:12.473] [info] Checking for app update
[2021-03-11 18:42:12.759] [info] {
  level: 'info',
  from: 'assetCache',
  type: 'updateAssetsFetch',
  data: { time: 285 }
}
[2021-03-11 18:42:13.036] [info] {
  level: 'info',
  from: 'assetCache',
  type: 'updateAssetsResponseParse',
  data: { time: 276 }
}
[2021-03-11 18:42:13.037] [info] No app update available
[2021-03-11 18:43:13.059] [info] Checking for app update
[2021-03-11 18:43:13.409] [info] {
  level: 'info',
  from: 'assetCache',
  type: 'updateAssetsFetch',
  data: { time: 349 }
}
[2021-03-11 18:43:13.423] [info] {
  level: 'info',
  from: 'assetCache',
  type: 'updateAssetsResponseParse',
  data: { time: 14 }
}
[2021-03-11 18:43:13.423] [info] No app update available
[2021-03-11 18:44:13.429] [info] Checking for app update
[2021-03-11 18:44:14.157] [info] {
  level: 'info',
  from: 'assetCache',
  type: 'updateAssetsFetch',
  data: { time: 727 }
}
[2021-03-11 18:44:14.161] [info] {
  level: 'info',
  from: 'assetCache',
  type: 'updateAssetsResponseParse',
  data: { time: 3 }
}
[2021-03-11 18:44:14.161] [info] No app update available
[2021-03-11 18:45:14.184] [info] Checking for app update
[2021-03-11 18:45:15.039] [info] {
  level: 'info',
  from: 'assetCache',
  type: 'updateAssetsFetch',
  data: { time: 855 }
}
[2021-03-11 18:45:15.225] [info] {
  level: 'info',
  from: 'assetCache',
  type: 'updateAssetsResponseParse',
  data: { time: 186 }
}
[2021-03-11 18:45:15.225] [info] No app update available
[2021-03-11 18:46:15.247] [info] Checking for app update
[2021-03-11 18:46:15.586] [info] {
  level: 'info',
  from: 'assetCache',
  type: 'updateAssetsFetch',
  data: { time: 338 }
}
[2021-03-11 18:46:15.594] [info] {
  level: 'info',
  from: 'assetCache',
  type: 'updateAssetsResponseParse',
  data: { time: 7 }
}
[2021-03-11 18:46:15.594] [info] No app update available
[2021-03-11 18:47:15.617] [info] Checking for app update
[2021-03-11 18:47:15.896] [info] {
  level: 'info',
  from: 'assetCache',
  type: 'updateAssetsFetch',
  data: { time: 278 }
}
[2021-03-11 18:47:15.901] [info] {
  level: 'info',
  from: 'assetCache',
  type: 'updateAssetsResponseParse',
  data: { time: 4 }
}
[2021-03-11 18:47:15.901] [info] No app update available
[2021-03-11 18:48:15.924] [info] Checking for app update
[2021-03-11 18:48:16.202] [info] {
  level: 'info',
  from: 'assetCache',
  type: 'updateAssetsFetch',
  data: { time: 277 }
}
[2021-03-11 18:48:16.209] [info] {
  level: 'info',
  from: 'assetCache',
  type: 'updateAssetsResponseParse',
  data: { time: 5 }
}
[2021-03-11 18:48:16.209] [info] No app update available
[2021-03-11 18:49:16.235] [info] Checking for app update
[2021-03-11 18:49:21.084] [info] {
  level: 'info',
  from: 'assetCache',
  type: 'updateAssetsFetch',
  data: { time: 4848 }
}
[2021-03-11 18:49:21.274] [info] {
  level: 'info',
  from: 'assetCache',
  type: 'updateAssetsResponseParse',
  data: { time: 189 }
}
[2021-03-11 18:49:21.274] [info] No app update available
[2021-03-11 18:50:21.305] [info] Checking for app update
[2021-03-11 18:50:21.579] [info] {
  level: 'info',
  from: 'assetCache',
  type: 'updateAssetsFetch',
  data: { time: 273 }
}
[2021-03-11 18:50:21.584] [info] {
  level: 'info',
  from: 'assetCache',
  type: 'updateAssetsResponseParse',
  data: { time: 5 }
}
[2021-03-11 18:50:21.584] [info] No app update available
[2021-03-11 18:51:21.602] [info] Checking for app update
[2021-03-11 18:51:21.881] [info] {
  level: 'info',
  from: 'assetCache',
  type: 'updateAssetsFetch',
  data: { time: 279 }
}
[2021-03-11 18:51:22.057] [info] {
  level: 'info',
  from: 'assetCache',
  type: 'updateAssetsResponseParse',
  data: { time: 176 }
}
[2021-03-11 18:51:22.057] [info] No app update available
[2021-03-11 18:52:22.100] [info] Checking for app update
[2021-03-11 18:52:23.076] [info] {
  level: 'info',
  from: 'assetCache',
  type: 'updateAssetsFetch',
  data: { time: 975 }
}
[2021-03-11 18:52:23.256] [info] {
  level: 'info',
  from: 'assetCache',
  type: 'updateAssetsResponseParse',
  data: { time: 179 }
}
[2021-03-11 18:52:23.256] [info] No app update available
[2021-03-11 18:53:23.288] [info] Checking for app update
[2021-03-11 18:53:23.569] [info] {
  level: 'info',
  from: 'assetCache',
  type: 'updateAssetsFetch',
  data: { time: 281 }
}
[2021-03-11 18:53:23.572] [info] {
  level: 'info',
  from: 'assetCache',
  type: 'updateAssetsResponseParse',
  data: { time: 3 }
}
[2021-03-11 18:53:23.573] [info] No app update available
[2021-03-11 18:54:23.588] [info] Checking for app update
[2021-03-11 18:54:23.884] [info] {
  level: 'info',
  from: 'assetCache',
  type: 'updateAssetsFetch',
  data: { time: 295 }
}
[2021-03-11 18:54:23.888] [info] {
  level: 'info',
  from: 'assetCache',
  type: 'updateAssetsResponseParse',
  data: { time: 3 }
}
[2021-03-11 18:54:23.889] [info] No app update available
[2021-03-11 18:55:23.923] [info] Checking for app update
[2021-03-11 18:55:24.186] [info] {
  level: 'info',
  from: 'assetCache',
  type: 'updateAssetsFetch',
  data: { time: 260 }
}
[2021-03-11 18:55:24.190] [info] {
  level: 'info',
  from: 'assetCache',
  type: 'updateAssetsResponseParse',
  data: { time: 4 }
}
[2021-03-11 18:55:24.190] [info] No app update available
[2021-03-11 18:56:24.224] [info] Checking for app update
[2021-03-11 18:56:25.559] [info] {
  level: 'info',
  from: 'assetCache',
  type: 'updateAssetsFetch',
  data: { time: 1335 }
}
[2021-03-11 18:56:25.694] [info] {
  level: 'info',
  from: 'assetCache',
  type: 'updateAssetsResponseParse',
  data: { time: 135 }
}
[2021-03-11 18:56:25.694] [info] No app update available
[2021-03-11 18:57:25.727] [info] Checking for app update
[2021-03-11 18:57:25.992] [info] {
  level: 'info',
  from: 'assetCache',
  type: 'updateAssetsFetch',
  data: { time: 262 }
}
[2021-03-11 18:57:25.998] [info] {
  level: 'info',
  from: 'assetCache',
  type: 'updateAssetsResponseParse',
  data: { time: 6 }
}
[2021-03-11 18:57:25.998] [info] No app update available
[2021-03-11 18:58:26.034] [info] Checking for app update
[2021-03-11 18:58:26.921] [info] {
  level: 'info',
  from: 'assetCache',
  type: 'updateAssetsFetch',
  data: { time: 886 }
}
[2021-03-11 18:58:27.091] [info] {
  level: 'info',
  from: 'assetCache',
  type: 'updateAssetsResponseParse',
  data: { time: 169 }
}
[2021-03-11 18:58:27.091] [info] No app update available
[2021-03-11 18:59:27.127] [info] Checking for app update
[2021-03-11 18:59:27.396] [info] {
  level: 'info',
  from: 'assetCache',
  type: 'updateAssetsFetch',
  data: { time: 268 }
}
[2021-03-11 18:59:27.400] [info] {
  level: 'info',
  from: 'assetCache',
  type: 'updateAssetsResponseParse',
  data: { time: 3 }
}
[2021-03-11 18:59:27.400] [info] No app update available
[2021-03-11 19:00:27.437] [info] Checking for app update
[2021-03-11 19:00:27.692] [info] {
  level: 'info',
  from: 'assetCache',
  type: 'updateAssetsFetch',
  data: { time: 254 }
}
[2021-03-11 19:00:27.701] [info] {
  level: 'info',
  from: 'assetCache',
  type: 'updateAssetsResponseParse',
  data: { time: 9 }
}
[2021-03-11 19:00:27.702] [info] No app update available
[2021-03-11 19:01:27.722] [info] Checking for app update
[2021-03-11 19:01:28.167] [info] {
  level: 'info',
  from: 'assetCache',
  type: 'updateAssetsFetch',
  data: { time: 443 }
}
[2021-03-11 19:01:28.174] [info] {
  level: 'info',
  from: 'assetCache',
  type: 'updateAssetsResponseParse',
  data: { time: 7 }
}
[2021-03-11 19:01:28.174] [info] No app update available
[2021-03-11 19:02:28.210] [info] Checking for app update
[2021-03-11 19:02:28.473] [info] {
  level: 'info',
  from: 'assetCache',
  type: 'updateAssetsFetch',
  data: { time: 262 }
}
[2021-03-11 19:02:28.479] [info] {
  level: 'info',
  from: 'assetCache',
  type: 'updateAssetsResponseParse',
  data: { time: 5 }
}
[2021-03-11 19:02:28.479] [info] No app update available
[2021-03-11 19:03:28.513] [info] Checking for app update
[2021-03-11 19:03:28.775] [info] {
  level: 'info',
  from: 'assetCache',
  type: 'updateAssetsFetch',
  data: { time: 260 }
}
[2021-03-11 19:03:28.780] [info] {
  level: 'info',
  from: 'assetCache',
  type: 'updateAssetsResponseParse',
  data: { time: 4 }
}
[2021-03-11 19:03:28.781] [info] No app update available
[2021-03-11 19:04:28.817] [info] Checking for app update
[2021-03-11 19:04:29.100] [info] {
  level: 'info',
  from: 'assetCache',
  type: 'updateAssetsFetch',
  data: { time: 281 }
}
[2021-03-11 19:04:29.105] [info] {
  level: 'info',
  from: 'assetCache',
  type: 'updateAssetsResponseParse',
  data: { time: 4 }
}
[2021-03-11 19:04:29.105] [info] No app update available
[2021-03-11 19:05:29.141] [info] Checking for app update
[2021-03-11 19:05:29.553] [info] {
  level: 'info',
  from: 'assetCache',
  type: 'updateAssetsFetch',
  data: { time: 412 }
}
[2021-03-11 19:05:29.590] [info] {
  level: 'info',
  from: 'assetCache',
  type: 'updateAssetsResponseParse',
  data: { time: 36 }
}
[2021-03-11 19:05:29.591] [info] No app update available
[2021-03-11 19:06:29.629] [info] Checking for app update
[2021-03-11 19:06:30.022] [info] {
  level: 'info',
  from: 'assetCache',
  type: 'updateAssetsFetch',
  data: { time: 392 }
}
[2021-03-11 19:06:30.193] [info] {
  level: 'info',
  from: 'assetCache',
  type: 'updateAssetsResponseParse',
  data: { time: 171 }
}
[2021-03-11 19:06:30.193] [info] No app update available
[2021-03-11 19:07:30.230] [info] Checking for app update
[2021-03-11 19:07:31.083] [info] {
  level: 'info',
  from: 'assetCache',
  type: 'updateAssetsFetch',
  data: { time: 852 }
}
[2021-03-11 19:07:31.264] [info] {
  level: 'info',
  from: 'assetCache',
  type: 'updateAssetsResponseParse',
  data: { time: 180 }
}
[2021-03-11 19:07:31.264] [info] No app update available
[2021-03-11 19:08:31.305] [info] Checking for app update
[2021-03-11 19:08:31.589] [info] {
  level: 'info',
  from: 'assetCache',
  type: 'updateAssetsFetch',
  data: { time: 284 }
}
[2021-03-11 19:08:31.594] [info] {
  level: 'info',
  from: 'assetCache',
  type: 'updateAssetsResponseParse',
  data: { time: 4 }
}
[2021-03-11 19:08:31.594] [info] No app update available
[2021-03-11 19:09:31.633] [info] Checking for app update
[2021-03-11 19:09:31.903] [info] {
  level: 'info',
  from: 'assetCache',
  type: 'updateAssetsFetch',
  data: { time: 267 }
}
[2021-03-11 19:09:31.916] [info] {
  level: 'info',
  from: 'assetCache',
  type: 'updateAssetsResponseParse',
  data: { time: 12 }
}
[2021-03-11 19:09:31.916] [info] No app update available
[2021-03-11 19:10:31.954] [info] Checking for app update
[2021-03-11 19:10:32.236] [info] {
  level: 'info',
  from: 'assetCache',
  type: 'updateAssetsFetch',
  data: { time: 281 }
}
[2021-03-11 19:10:32.243] [info] {
  level: 'info',
  from: 'assetCache',
  type: 'updateAssetsResponseParse',
  data: { time: 6 }
}
[2021-03-11 19:10:32.243] [info] No app update available
[2021-03-11 19:11:32.273] [info] Checking for app update
[2021-03-11 19:11:32.609] [info] {
  level: 'info',
  from: 'assetCache',
  type: 'updateAssetsFetch',
  data: { time: 336 }
}
[2021-03-11 19:11:32.616] [info] {
  level: 'info',
  from: 'assetCache',
  type: 'updateAssetsResponseParse',
  data: { time: 7 }
}
[2021-03-11 19:11:32.616] [info] No app update available
[2021-03-11 19:12:32.657] [info] Checking for app update
[2021-03-11 19:12:32.926] [info] {
  level: 'info',
  from: 'assetCache',
  type: 'updateAssetsFetch',
  data: { time: 268 }
}
[2021-03-11 19:12:33.733] [info] {
  level: 'info',
  from: 'assetCache',
  type: 'updateAssetsResponseParse',
  data: { time: 4 }
}
[2021-03-11 19:12:33.733] [info] No app update available
[2021-03-11 19:13:33.779] [info] Checking for app update
[2021-03-11 19:13:34.588] [info] {
  level: 'info',
  from: 'assetCache',
  type: 'updateAssetsFetch',
  data: { time: 292 }
}
[2021-03-11 19:13:35.442] [info] {
  level: 'info',
  from: 'assetCache',
  type: 'updateAssetsResponseParse',
  data: { time: 5 }
}
[2021-03-11 19:13:35.443] [info] No app update available
[2021-03-11 19:14:35.486] [info] Checking for app update
[2021-03-11 19:14:35.768] [info] {
  level: 'info',
  from: 'assetCache',
  type: 'updateAssetsFetch',
  data: { time: 281 }
}
[2021-03-11 19:14:35.774] [info] {
  level: 'info',
  from: 'assetCache',
  type: 'updateAssetsResponseParse',
  data: { time: 6 }
}
[2021-03-11 19:14:35.774] [info] No app update available
[2021-03-11 19:15:35.788] [info] Checking for app update
[2021-03-11 19:15:36.088] [info] {
  level: 'info',
  from: 'assetCache',
  type: 'updateAssetsFetch',
  data: { time: 300 }
}
[2021-03-11 19:15:36.093] [info] {
  level: 'info',
  from: 'assetCache',
  type: 'updateAssetsResponseParse',
  data: { time: 4 }
}
[2021-03-11 19:15:36.093] [info] No app update available
[2021-03-11 19:16:36.104] [info] Checking for app update
[2021-03-11 19:16:36.393] [info] {
  level: 'info',
  from: 'assetCache',
  type: 'updateAssetsFetch',
  data: { time: 289 }
}
[2021-03-11 19:16:36.401] [info] {
  level: 'info',
  from: 'assetCache',
  type: 'updateAssetsResponseParse',
  data: { time: 7 }
}
[2021-03-11 19:16:36.401] [info] No app update available
[2021-03-11 19:17:36.422] [info] Checking for app update
[2021-03-11 19:17:36.704] [info] {
  level: 'info',
  from: 'assetCache',
  type: 'updateAssetsFetch',
  data: { time: 281 }
}
[2021-03-11 19:17:36.710] [info] {
  level: 'info',
  from: 'assetCache',
  type: 'updateAssetsResponseParse',
  data: { time: 5 }
}
[2021-03-11 19:17:36.710] [info] No app update available
[2021-03-11 19:18:36.741] [info] Checking for app update
[2021-03-11 19:18:38.813] [info] {
  level: 'info',
  from: 'assetCache',
  type: 'updateAssetsFetch',
  data: { time: 2071 }
}
[2021-03-11 19:18:38.824] [info] {
  level: 'info',
  from: 'assetCache',
  type: 'updateAssetsResponseParse',
  data: { time: 11 }
}
[2021-03-11 19:18:38.824] [info] No app update available
[2021-03-11 19:19:38.873] [info] Checking for app update
[2021-03-11 19:19:39.180] [info] {
  level: 'info',
  from: 'assetCache',
  type: 'updateAssetsFetch',
  data: { time: 306 }
}
[2021-03-11 19:19:39.184] [info] {
  level: 'info',
  from: 'assetCache',
  type: 'updateAssetsResponseParse',
  data: { time: 3 }
}
[2021-03-11 19:19:39.184] [info] No app update available
[2021-03-11 19:20:39.231] [info] Checking for app update
[2021-03-11 19:20:39.509] [info] {
  level: 'info',
  from: 'assetCache',
  type: 'updateAssetsFetch',
  data: { time: 277 }
}
[2021-03-11 19:20:39.514] [info] {
  level: 'info',
  from: 'assetCache',
  type: 'updateAssetsResponseParse',
  data: { time: 3 }
}
[2021-03-11 19:20:39.514] [info] No app update available
[2021-03-11 19:21:39.565] [info] Checking for app update
[2021-03-11 19:21:39.824] [info] {
  level: 'info',
  from: 'assetCache',
  type: 'updateAssetsFetch',
  data: { time: 258 }
}
[2021-03-11 19:21:39.827] [info] {
  level: 'info',
  from: 'assetCache',
  type: 'updateAssetsResponseParse',
  data: { time: 2 }
}
[2021-03-11 19:21:39.827] [info] No app update available
[2021-03-11 19:22:39.875] [info] Checking for app update
[2021-03-11 19:22:40.974] [info] {
  level: 'info',
  from: 'assetCache',
  type: 'updateAssetsFetch',
  data: { time: 1099 }
}
[2021-03-11 19:22:41.160] [info] {
  level: 'info',
  from: 'assetCache',
  type: 'updateAssetsResponseParse',
  data: { time: 186 }
}
[2021-03-11 19:22:41.160] [info] No app update available
[2021-03-11 19:23:41.211] [info] Checking for app update
[2021-03-11 19:23:41.491] [info] {
  level: 'info',
  from: 'assetCache',
  type: 'updateAssetsFetch',
  data: { time: 279 }
}
[2021-03-11 19:23:41.496] [info] {
  level: 'info',
  from: 'assetCache',
  type: 'updateAssetsResponseParse',
  data: { time: 4 }
}
[2021-03-11 19:23:41.496] [info] No app update available
[2021-03-11 19:24:41.541] [info] Checking for app update
[2021-03-11 19:24:41.802] [info] {
  level: 'info',
  from: 'assetCache',
  type: 'updateAssetsFetch',
  data: { time: 261 }
}
[2021-03-11 19:24:41.808] [info] {
  level: 'info',
  from: 'assetCache',
  type: 'updateAssetsResponseParse',
  data: { time: 5 }
}
[2021-03-11 19:24:41.808] [info] No app update available
[2021-03-11 19:25:41.826] [info] Checking for app update
[2021-03-11 19:25:42.105] [info] {
  level: 'info',
  from: 'assetCache',
  type: 'updateAssetsFetch',
  data: { time: 278 }
}
[2021-03-11 19:25:42.109] [info] {
  level: 'info',
  from: 'assetCache',
  type: 'updateAssetsResponseParse',
  data: { time: 4 }
}
[2021-03-11 19:25:42.109] [info] No app update available
[2021-03-11 19:26:42.163] [info] Checking for app update
[2021-03-11 19:26:42.420] [info] {
  level: 'info',
  from: 'assetCache',
  type: 'updateAssetsFetch',
  data: { time: 256 }
}
[2021-03-11 19:26:42.425] [info] {
  level: 'info',
  from: 'assetCache',
  type: 'updateAssetsResponseParse',
  data: { time: 5 }
}
[2021-03-11 19:26:42.425] [info] No app update available
[2021-03-11 19:27:42.484] [info] Checking for app update
[2021-03-11 19:27:42.792] [info] {
  level: 'info',
  from: 'assetCache',
  type: 'updateAssetsFetch',
  data: { time: 307 }
}
[2021-03-11 19:27:42.968] [info] {
  level: 'info',
  from: 'assetCache',
  type: 'updateAssetsResponseParse',
  data: { time: 175 }
}
[2021-03-11 19:27:42.968] [info] No app update available
[2021-03-11 19:28:43.019] [info] Checking for app update
[2021-03-11 19:28:43.412] [info] {
  level: 'info',
  from: 'assetCache',
  type: 'updateAssetsFetch',
  data: { time: 393 }
}
[2021-03-11 19:28:43.421] [info] {
  level: 'info',
  from: 'assetCache',
  type: 'updateAssetsResponseParse',
  data: { time: 8 }
}
[2021-03-11 19:28:43.421] [info] No app update available
[2021-03-11 19:29:43.473] [info] Checking for app update
[2021-03-11 19:29:43.734] [info] {
  level: 'info',
  from: 'assetCache',
  type: 'updateAssetsFetch',
  data: { time: 260 }
}
[2021-03-11 19:29:43.738] [info] {
  level: 'info',
  from: 'assetCache',
  type: 'updateAssetsResponseParse',
  data: { time: 3 }
}
[2021-03-11 19:29:43.739] [info] No app update available
[2021-03-11 19:30:43.766] [info] Checking for app update
[2021-03-11 19:30:44.083] [info] {
  level: 'info',
  from: 'assetCache',
  type: 'updateAssetsFetch',
  data: { time: 315 }
}
[2021-03-11 19:30:44.087] [info] {
  level: 'info',
  from: 'assetCache',
  type: 'updateAssetsResponseParse',
  data: { time: 4 }
}
[2021-03-11 19:30:44.087] [info] No app update available
[2021-03-11 19:31:44.137] [info] Checking for app update
[2021-03-11 19:31:44.456] [info] {
  level: 'info',
  from: 'assetCache',
  type: 'updateAssetsFetch',
  data: { time: 318 }
}
[2021-03-11 19:31:44.464] [info] {
  level: 'info',
  from: 'assetCache',
  type: 'updateAssetsResponseParse',
  data: { time: 7 }
}
[2021-03-11 19:31:44.464] [info] No app update available
[2021-03-11 19:32:44.514] [info] Checking for app update
[2021-03-11 19:32:44.831] [info] {
  level: 'info',
  from: 'assetCache',
  type: 'updateAssetsFetch',
  data: { time: 315 }
}
[2021-03-11 19:32:44.844] [info] {
  level: 'info',
  from: 'assetCache',
  type: 'updateAssetsResponseParse',
  data: { time: 12 }
}
[2021-03-11 19:32:44.844] [info] No app update available
[2021-03-11 19:33:44.897] [info] Checking for app update
[2021-03-11 19:33:45.160] [info] {
  level: 'info',
  from: 'assetCache',
  type: 'updateAssetsFetch',
  data: { time: 262 }
}
[2021-03-11 19:33:45.165] [info] {
  level: 'info',
  from: 'assetCache',
  type: 'updateAssetsResponseParse',
  data: { time: 4 }
}
[2021-03-11 19:33:45.166] [info] No app update available
[2021-03-11 19:34:45.219] [info] Checking for app update
[2021-03-11 19:34:45.499] [info] {
  level: 'info',
  from: 'assetCache',
  type: 'updateAssetsFetch',
  data: { time: 279 }
}
[2021-03-11 19:34:45.508] [info] {
  level: 'info',
  from: 'assetCache',
  type: 'updateAssetsResponseParse',
  data: { time: 9 }
}
[2021-03-11 19:34:45.508] [info] No app update available
[2021-03-11 19:35:45.560] [info] Checking for app update
[2021-03-11 19:35:45.827] [info] {
  level: 'info',
  from: 'assetCache',
  type: 'updateAssetsFetch',
  data: { time: 266 }
}
[2021-03-11 19:35:45.829] [info] {
  level: 'info',
  from: 'assetCache',
  type: 'updateAssetsResponseParse',
  data: { time: 2 }
}
[2021-03-11 19:35:45.829] [info] No app update available
[2021-03-11 19:36:45.883] [info] Checking for app update
[2021-03-11 19:36:46.165] [info] {
  level: 'info',
  from: 'assetCache',
  type: 'updateAssetsFetch',
  data: { time: 281 }
}
[2021-03-11 19:36:46.171] [info] {
  level: 'info',
  from: 'assetCache',
  type: 'updateAssetsResponseParse',
  data: { time: 6 }
}
[2021-03-11 19:36:46.171] [info] No app update available
[2021-03-11 19:37:46.226] [info] Checking for app update
[2021-03-11 19:37:46.500] [info] {
  level: 'info',
  from: 'assetCache',
  type: 'updateAssetsFetch',
  data: { time: 273 }
}
[2021-03-11 19:37:46.508] [info] {
  level: 'info',
  from: 'assetCache',
  type: 'updateAssetsResponseParse',
  data: { time: 7 }
}
[2021-03-11 19:37:46.508] [info] No app update available
[2021-03-11 19:38:46.522] [info] Checking for app update
[2021-03-11 19:38:46.790] [info] {
  level: 'info',
  from: 'assetCache',
  type: 'updateAssetsFetch',
  data: { time: 267 }
}
[2021-03-11 19:38:46.795] [info] {
  level: 'info',
  from: 'assetCache',
  type: 'updateAssetsResponseParse',
  data: { time: 4 }
}
[2021-03-11 19:38:46.795] [info] No app update available
[2021-03-11 19:39:46.850] [info] Checking for app update
[2021-03-11 19:39:47.705] [info] {
  level: 'info',
  from: 'assetCache',
  type: 'updateAssetsFetch',
  data: { time: 854 }
}
[2021-03-11 19:39:47.890] [info] {
  level: 'info',
  from: 'assetCache',
  type: 'updateAssetsResponseParse',
  data: { time: 185 }
}
[2021-03-11 19:39:47.890] [info] No app update available
[2021-03-11 19:40:47.950] [info] Checking for app update
[2021-03-11 19:40:48.273] [info] {
  level: 'info',
  from: 'assetCache',
  type: 'updateAssetsFetch',
  data: { time: 322 }
}
[2021-03-11 19:40:48.335] [info] {
  level: 'info',
  from: 'assetCache',
  type: 'updateAssetsResponseParse',
  data: { time: 61 }
}
[2021-03-11 19:40:48.335] [info] No app update available
[2021-03-11 19:41:48.390] [info] Checking for app update
[2021-03-11 19:41:48.665] [info] {
  level: 'info',
  from: 'assetCache',
  type: 'updateAssetsFetch',
  data: { time: 274 }
}
[2021-03-11 19:41:48.669] [info] {
  level: 'info',
  from: 'assetCache',
  type: 'updateAssetsResponseParse',
  data: { time: 4 }
}
[2021-03-11 19:41:48.669] [info] No app update available
[2021-03-11 19:42:48.727] [info] Checking for app update
[2021-03-11 19:42:48.996] [info] {
  level: 'info',
  from: 'assetCache',
  type: 'updateAssetsFetch',
  data: { time: 268 }
}
[2021-03-11 19:42:49.001] [info] {
  level: 'info',
  from: 'assetCache',
  type: 'updateAssetsResponseParse',
  data: { time: 4 }
}
[2021-03-11 19:42:49.002] [info] No app update available
[2021-03-11 19:43:49.046] [info] Checking for app update
[2021-03-11 19:43:49.310] [info] {
  level: 'info',
  from: 'assetCache',
  type: 'updateAssetsFetch',
  data: { time: 264 }
}
[2021-03-11 19:43:49.319] [info] {
  level: 'info',
  from: 'assetCache',
  type: 'updateAssetsResponseParse',
  data: { time: 8 }
}
[2021-03-11 19:43:49.319] [info] No app update available
[2021-03-11 19:44:49.341] [info] Checking for app update
[2021-03-11 19:44:49.610] [info] {
  level: 'info',
  from: 'assetCache',
  type: 'updateAssetsFetch',
  data: { time: 268 }
}
[2021-03-11 19:44:49.613] [info] {
  level: 'info',
  from: 'assetCache',
  type: 'updateAssetsResponseParse',
  data: { time: 3 }
}
[2021-03-11 19:44:49.613] [info] No app update available
[2021-03-11 19:45:49.670] [info] Checking for app update
[2021-03-11 19:45:49.936] [info] {
  level: 'info',
  from: 'assetCache',
  type: 'updateAssetsFetch',
  data: { time: 266 }
}
[2021-03-11 19:45:49.943] [info] {
  level: 'info',
  from: 'assetCache',
  type: 'updateAssetsResponseParse',
  data: { time: 6 }
}
[2021-03-11 19:45:49.943] [info] No app update available
[2021-03-11 19:46:49.946] [info] Checking for app update
[2021-03-11 19:46:50.542] [info] {
  level: 'info',
  from: 'assetCache',
  type: 'updateAssetsFetch',
  data: { time: 596 }
}
[2021-03-11 19:46:50.547] [info] {
  level: 'info',
  from: 'assetCache',
  type: 'updateAssetsResponseParse',
  data: { time: 4 }
}
[2021-03-11 19:46:50.547] [info] No app update available
[2021-03-11 19:47:50.607] [info] Checking for app update
[2021-03-11 19:47:51.295] [info] {
  level: 'info',
  from: 'assetCache',
  type: 'updateAssetsFetch',
  data: { time: 686 }
}
[2021-03-11 19:47:51.301] [info] {
  level: 'info',
  from: 'assetCache',
  type: 'updateAssetsResponseParse',
  data: { time: 6 }
}
[2021-03-11 19:47:51.301] [info] No app update available
[2021-03-11 19:48:51.365] [info] Checking for app update
[2021-03-11 19:48:51.631] [info] {
  level: 'info',
  from: 'assetCache',
  type: 'updateAssetsFetch',
  data: { time: 264 }
}
[2021-03-11 19:48:51.636] [info] {
  level: 'info',
  from: 'assetCache',
  type: 'updateAssetsResponseParse',
  data: { time: 5 }
}
[2021-03-11 19:48:51.636] [info] No app update available
[2021-03-11 19:49:51.639] [info] Checking for app update
[2021-03-11 19:49:51.901] [info] {
  level: 'info',
  from: 'assetCache',
  type: 'updateAssetsFetch',
  data: { time: 262 }
}
[2021-03-11 19:49:52.062] [info] {
  level: 'info',
  from: 'assetCache',
  type: 'updateAssetsResponseParse',
  data: { time: 160 }
}
[2021-03-11 19:49:52.062] [info] No app update available
[2021-03-11 19:50:52.079] [info] Checking for app update
[2021-03-11 19:50:52.359] [info] {
  level: 'info',
  from: 'assetCache',
  type: 'updateAssetsFetch',
  data: { time: 279 }
}
[2021-03-11 19:50:52.520] [info] {
  level: 'info',
  from: 'assetCache',
  type: 'updateAssetsResponseParse',
  data: { time: 161 }
}
[2021-03-11 19:50:52.520] [info] No app update available
[2021-03-11 19:51:52.522] [info] Checking for app update
[2021-03-11 19:51:52.802] [info] {
  level: 'info',
  from: 'assetCache',
  type: 'updateAssetsFetch',
  data: { time: 279 }
}
[2021-03-11 19:51:52.965] [info] {
  level: 'info',
  from: 'assetCache',
  type: 'updateAssetsResponseParse',
  data: { time: 162 }
}
[2021-03-11 19:51:52.966] [info] No app update available
[2021-03-11 19:52:52.971] [info] Checking for app update
[2021-03-11 19:52:53.262] [info] {
  level: 'info',
  from: 'assetCache',
  type: 'updateAssetsFetch',
  data: { time: 290 }
}
[2021-03-11 19:52:53.272] [info] {
  level: 'info',
  from: 'assetCache',
  type: 'updateAssetsResponseParse',
  data: { time: 9 }
}
[2021-03-11 19:52:53.272] [info] No app update available
[2021-03-11 19:53:53.286] [info] Checking for app update
[2021-03-11 19:53:53.630] [info] {
  level: 'info',
  from: 'assetCache',
  type: 'updateAssetsFetch',
  data: { time: 343 }
}
[2021-03-11 19:53:53.812] [info] {
  level: 'info',
  from: 'assetCache',
  type: 'updateAssetsResponseParse',
  data: { time: 182 }
}
[2021-03-11 19:53:53.812] [info] No app update available
[2021-03-11 19:54:53.819] [info] Checking for app update
[2021-03-11 19:54:54.079] [info] {
  level: 'info',
  from: 'assetCache',
  type: 'updateAssetsFetch',
  data: { time: 259 }
}
[2021-03-11 19:54:54.086] [info] {
  level: 'info',
  from: 'assetCache',
  type: 'updateAssetsResponseParse',
  data: { time: 7 }
}
[2021-03-11 19:54:54.086] [info] No app update available
[2021-03-11 19:55:54.109] [info] Checking for app update
[2021-03-11 19:55:54.353] [info] {
  level: 'info',
  from: 'assetCache',
  type: 'updateAssetsFetch',
  data: { time: 243 }
}
[2021-03-11 19:55:54.359] [info] {
  level: 'info',
  from: 'assetCache',
  type: 'updateAssetsResponseParse',
  data: { time: 6 }
}
[2021-03-11 19:55:54.359] [info] No app update available
[2021-03-11 19:56:54.362] [info] Checking for app update
[2021-03-11 19:56:54.654] [info] {
  level: 'info',
  from: 'assetCache',
  type: 'updateAssetsFetch',
  data: { time: 291 }
}
[2021-03-11 19:56:54.659] [info] {
  level: 'info',
  from: 'assetCache',
  type: 'updateAssetsResponseParse',
  data: { time: 5 }
}
[2021-03-11 19:56:54.659] [info] No app update available
[2021-03-11 19:57:54.660] [info] Checking for app update
[2021-03-11 19:57:55.743] [info] {
  level: 'info',
  from: 'assetCache',
  type: 'updateAssetsFetch',
  data: { time: 1082 }
}
[2021-03-11 19:57:55.773] [info] {
  level: 'info',
  from: 'assetCache',
  type: 'updateAssetsResponseParse',
  data: { time: 30 }
}
[2021-03-11 19:57:55.773] [info] No app update available
[2021-03-11 19:58:55.778] [info] Checking for app update
[2021-03-11 19:58:56.126] [info] {
  level: 'info',
  from: 'assetCache',
  type: 'updateAssetsFetch',
  data: { time: 347 }
}
[2021-03-11 19:58:56.134] [info] {
  level: 'info',
  from: 'assetCache',
  type: 'updateAssetsResponseParse',
  data: { time: 7 }
}
[2021-03-11 19:58:56.134] [info] No app update available
[2021-03-11 19:59:56.138] [info] Checking for app update
[2021-03-11 19:59:56.452] [info] {
  level: 'info',
  from: 'assetCache',
  type: 'updateAssetsFetch',
  data: { time: 313 }
}
[2021-03-11 19:59:56.602] [info] {
  level: 'info',
  from: 'assetCache',
  type: 'updateAssetsResponseParse',
  data: { time: 150 }
}
[2021-03-11 19:59:56.602] [info] No app update available
[2021-03-11 20:00:56.606] [info] Checking for app update
[2021-03-11 20:00:56.885] [info] {
  level: 'info',
  from: 'assetCache',
  type: 'updateAssetsFetch',
  data: { time: 278 }
}
[2021-03-11 20:00:56.890] [info] {
  level: 'info',
  from: 'assetCache',
  type: 'updateAssetsResponseParse',
  data: { time: 4 }
}
[2021-03-11 20:00:56.890] [info] No app update available
[2021-03-11 20:01:56.894] [info] Checking for app update
[2021-03-11 20:01:57.186] [info] {
  level: 'info',
  from: 'assetCache',
  type: 'updateAssetsFetch',
  data: { time: 291 }
}
[2021-03-11 20:01:57.363] [info] {
  level: 'info',
  from: 'assetCache',
  type: 'updateAssetsResponseParse',
  data: { time: 177 }
}
[2021-03-11 20:01:57.363] [info] No app update available
[2021-03-11 20:02:57.367] [info] Checking for app update
[2021-03-11 20:02:57.655] [info] {
  level: 'info',
  from: 'assetCache',
  type: 'updateAssetsFetch',
  data: { time: 285 }
}
[2021-03-11 20:02:57.657] [info] {
  level: 'info',
  from: 'assetCache',
  type: 'updateAssetsResponseParse',
  data: { time: 2 }
}
[2021-03-11 20:02:57.657] [info] No app update available
[2021-03-11 20:03:57.659] [info] Checking for app update
[2021-03-11 20:03:57.929] [info] {
  level: 'info',
  from: 'assetCache',
  type: 'updateAssetsFetch',
  data: { time: 269 }
}
[2021-03-11 20:03:57.934] [info] {
  level: 'info',
  from: 'assetCache',
  type: 'updateAssetsResponseParse',
  data: { time: 4 }
}
[2021-03-11 20:03:57.934] [info] No app update available
[2021-03-11 20:04:57.948] [info] Checking for app update
[2021-03-11 20:04:58.240] [info] {
  level: 'info',
  from: 'assetCache',
  type: 'updateAssetsFetch',
  data: { time: 291 }
}
[2021-03-11 20:04:58.246] [info] {
  level: 'info',
  from: 'assetCache',
  type: 'updateAssetsResponseParse',
  data: { time: 6 }
}
[2021-03-11 20:04:58.246] [info] No app update available
[2021-03-11 20:05:58.254] [info] Checking for app update
[2021-03-11 20:05:58.533] [info] {
  level: 'info',
  from: 'assetCache',
  type: 'updateAssetsFetch',
  data: { time: 278 }
}
[2021-03-11 20:05:58.542] [info] {
  level: 'info',
  from: 'assetCache',
  type: 'updateAssetsResponseParse',
  data: { time: 8 }
}
[2021-03-11 20:05:58.542] [info] No app update available
[2021-03-11 20:06:58.544] [info] Checking for app update
[2021-03-11 20:06:58.830] [info] {
  level: 'info',
  from: 'assetCache',
  type: 'updateAssetsFetch',
  data: { time: 286 }
}
[2021-03-11 20:06:59.004] [info] {
  level: 'info',
  from: 'assetCache',
  type: 'updateAssetsResponseParse',
  data: { time: 173 }
}
[2021-03-11 20:06:59.005] [info] No app update available
[2021-03-11 20:07:59.009] [info] Checking for app update
[2021-03-11 20:07:59.282] [info] {
  level: 'info',
  from: 'assetCache',
  type: 'updateAssetsFetch',
  data: { time: 272 }
}
[2021-03-11 20:07:59.291] [info] {
  level: 'info',
  from: 'assetCache',
  type: 'updateAssetsResponseParse',
  data: { time: 8 }
}
[2021-03-11 20:07:59.291] [info] No app update available
[2021-03-11 20:08:59.297] [info] Checking for app update
[2021-03-11 20:08:59.559] [info] {
  level: 'info',
  from: 'assetCache',
  type: 'updateAssetsFetch',
  data: { time: 262 }
}
[2021-03-11 20:08:59.565] [info] {
  level: 'info',
  from: 'assetCache',
  type: 'updateAssetsResponseParse',
  data: { time: 5 }
}
[2021-03-11 20:08:59.565] [info] No app update available
[2021-03-11 20:09:59.573] [info] Checking for app update
[2021-03-11 20:09:59.857] [info] {
  level: 'info',
  from: 'assetCache',
  type: 'updateAssetsFetch',
  data: { time: 282 }
}
[2021-03-11 20:09:59.861] [info] {
  level: 'info',
  from: 'assetCache',
  type: 'updateAssetsResponseParse',
  data: { time: 3 }
}
[2021-03-11 20:09:59.861] [info] No app update available
[2021-03-11 20:10:59.867] [info] Checking for app update
[2021-03-11 20:11:00.188] [info] {
  level: 'info',
  from: 'assetCache',
  type: 'updateAssetsFetch',
  data: { time: 320 }
}
[2021-03-11 20:11:00.197] [info] {
  level: 'info',
  from: 'assetCache',
  type: 'updateAssetsResponseParse',
  data: { time: 8 }
}
[2021-03-11 20:11:00.197] [info] No app update available
[2021-03-11 20:12:00.203] [info] Checking for app update
[2021-03-11 20:12:00.461] [info] {
  level: 'info',
  from: 'assetCache',
  type: 'updateAssetsFetch',
  data: { time: 257 }
}
[2021-03-11 20:12:00.466] [info] {
  level: 'info',
  from: 'assetCache',
  type: 'updateAssetsResponseParse',
  data: { time: 5 }
}
[2021-03-11 20:12:00.466] [info] No app update available
[2021-03-11 20:13:00.475] [info] Checking for app update
[2021-03-11 20:13:00.742] [info] {
  level: 'info',
  from: 'assetCache',
  type: 'updateAssetsFetch',
  data: { time: 267 }
}
[2021-03-11 20:13:00.744] [info] {
  level: 'info',
  from: 'assetCache',
  type: 'updateAssetsResponseParse',
  data: { time: 1 }
}
[2021-03-11 20:13:00.745] [info] No app update available
[2021-03-11 20:14:00.745] [info] Checking for app update
[2021-03-11 20:14:01.028] [info] {
  level: 'info',
  from: 'assetCache',
  type: 'updateAssetsFetch',
  data: { time: 281 }
}
[2021-03-11 20:14:01.033] [info] {
  level: 'info',
  from: 'assetCache',
  type: 'updateAssetsResponseParse',
  data: { time: 4 }
}
[2021-03-11 20:14:01.033] [info] No app update available
